[0.041s] Invoking command in '/home/user/int_szam_mod/build/geometry_tutorials': CMAKE_PREFIX_PATH=/opt/ros/foxy /usr/bin/cmake --build /home/user/int_szam_mod/build/geometry_tutorials -- -j6 -l6
[0.265s] Invoked command in '/home/user/int_szam_mod/build/geometry_tutorials' returned '0': CMAKE_PREFIX_PATH=/opt/ros/foxy /usr/bin/cmake --build /home/user/int_szam_mod/build/geometry_tutorials -- -j6 -l6
[0.302s] Invoking command in '/home/user/int_szam_mod/build/geometry_tutorials': CMAKE_PREFIX_PATH=/opt/ros/foxy /usr/bin/cmake --install /home/user/int_szam_mod/build/geometry_tutorials
[0.310s] -- Install configuration: ""
[0.310s] -- Up-to-date: /home/user/int_szam_mod/install/geometry_tutorials/share/ament_index/resource_index/package_run_dependencies/geometry_tutorials
[0.313s] -- Up-to-date: /home/user/int_szam_mod/install/geometry_tutorials/share/ament_index/resource_index/parent_prefix_path/geometry_tutorials
[0.317s] -- Up-to-date: /home/user/int_szam_mod/install/geometry_tutorials/share/geometry_tutorials/environment/ament_prefix_path.sh
[0.319s] -- Up-to-date: /home/user/int_szam_mod/install/geometry_tutorials/share/geometry_tutorials/environment/ament_prefix_path.dsv
[0.321s] -- Up-to-date: /home/user/int_szam_mod/install/geometry_tutorials/share/geometry_tutorials/environment/path.sh
[0.330s] -- Up-to-date: /home/user/int_szam_mod/install/geometry_tutorials/share/geometry_tutorials/environment/path.dsv
[0.331s] -- Up-to-date: /home/user/int_szam_mod/install/geometry_tutorials/share/geometry_tutorials/local_setup.bash
[0.332s] -- Up-to-date: /home/user/int_szam_mod/install/geometry_tutorials/share/geometry_tutorials/local_setup.sh
[0.332s] -- Up-to-date: /home/user/int_szam_mod/install/geometry_tutorials/share/geometry_tutorials/local_setup.zsh
[0.333s] -- Up-to-date: /home/user/int_szam_mod/install/geometry_tutorials/share/geometry_tutorials/local_setup.dsv
[0.335s] -- Installing: /home/user/int_szam_mod/install/geometry_tutorials/share/geometry_tutorials/package.dsv
[0.339s] -- Up-to-date: /home/user/int_szam_mod/install/geometry_tutorials/share/ament_index/resource_index/packages/geometry_tutorials
[0.340s] -- Up-to-date: /home/user/int_szam_mod/install/geometry_tutorials/share/geometry_tutorials/cmake/geometry_tutorialsConfig.cmake
[0.342s] -- Up-to-date: /home/user/int_szam_mod/install/geometry_tutorials/share/geometry_tutorials/cmake/geometry_tutorialsConfig-version.cmake
[0.344s] -- Up-to-date: /home/user/int_szam_mod/install/geometry_tutorials/share/geometry_tutorials/package.xml
[0.346s] Invoked command in '/home/user/int_szam_mod/build/geometry_tutorials' returned '0': CMAKE_PREFIX_PATH=/opt/ros/foxy /usr/bin/cmake --install /home/user/int_szam_mod/build/geometry_tutorials
