[0.032s] Invoking command in '/home/user/int_szam_mod/build/turtle_tf2_cpp': CMAKE_PREFIX_PATH=/opt/ros/foxy /usr/bin/cmake --build /home/user/int_szam_mod/build/turtle_tf2_cpp -- -j6 -l6
[0.102s] [ 58%] Built target static_turtle_tf2_broadcaster
[0.103s] [ 58%] Built target dynamic_frame_tf2_broadcaster
[0.103s] [ 58%] Built target turtle_tf2_broadcaster
[0.103s] [ 66%] Built target turtle_tf2_message_filter
[0.106s] [ 83%] Built target fixed_frame_tf2_broadcaster
[0.108s] [100%] Built target turtle_tf2_listener
[0.234s] Invoked command in '/home/user/int_szam_mod/build/turtle_tf2_cpp' returned '0': CMAKE_PREFIX_PATH=/opt/ros/foxy /usr/bin/cmake --build /home/user/int_szam_mod/build/turtle_tf2_cpp -- -j6 -l6
[0.292s] Invoking command in '/home/user/int_szam_mod/build/turtle_tf2_cpp': CMAKE_PREFIX_PATH=/opt/ros/foxy /usr/bin/cmake --install /home/user/int_szam_mod/build/turtle_tf2_cpp
[0.298s] -- Install configuration: ""
[0.300s] -- Up-to-date: /home/user/int_szam_mod/install/turtle_tf2_cpp/lib/turtle_tf2_cpp/static_turtle_tf2_broadcaster
[0.300s] -- Up-to-date: /home/user/int_szam_mod/install/turtle_tf2_cpp/lib/turtle_tf2_cpp/turtle_tf2_broadcaster
[0.300s] -- Up-to-date: /home/user/int_szam_mod/install/turtle_tf2_cpp/lib/turtle_tf2_cpp/turtle_tf2_listener
[0.300s] -- Up-to-date: /home/user/int_szam_mod/install/turtle_tf2_cpp/lib/turtle_tf2_cpp/fixed_frame_tf2_broadcaster
[0.301s] -- Up-to-date: /home/user/int_szam_mod/install/turtle_tf2_cpp/lib/turtle_tf2_cpp/dynamic_frame_tf2_broadcaster
[0.301s] -- Up-to-date: /home/user/int_szam_mod/install/turtle_tf2_cpp/lib/turtle_tf2_cpp/turtle_tf2_message_filter
[0.301s] -- Up-to-date: /home/user/int_szam_mod/install/turtle_tf2_cpp/share/turtle_tf2_cpp/launch
[0.301s] -- Up-to-date: /home/user/int_szam_mod/install/turtle_tf2_cpp/share/turtle_tf2_cpp/launch/turtle_tf2_fixed_frame_demo.launch.py
[0.301s] -- Up-to-date: /home/user/int_szam_mod/install/turtle_tf2_cpp/share/turtle_tf2_cpp/launch/turtle_tf2_dynamic_frame_demo.launch.py
[0.301s] -- Up-to-date: /home/user/int_szam_mod/install/turtle_tf2_cpp/share/turtle_tf2_cpp/launch/turtle_tf2_demo.launch.py
[0.302s] -- Up-to-date: /home/user/int_szam_mod/install/turtle_tf2_cpp/share/ament_index/resource_index/package_run_dependencies/turtle_tf2_cpp
[0.302s] -- Up-to-date: /home/user/int_szam_mod/install/turtle_tf2_cpp/share/ament_index/resource_index/parent_prefix_path/turtle_tf2_cpp
[0.306s] -- Up-to-date: /home/user/int_szam_mod/install/turtle_tf2_cpp/share/turtle_tf2_cpp/environment/ament_prefix_path.sh
[0.309s] -- Up-to-date: /home/user/int_szam_mod/install/turtle_tf2_cpp/share/turtle_tf2_cpp/environment/ament_prefix_path.dsv
[0.310s] -- Up-to-date: /home/user/int_szam_mod/install/turtle_tf2_cpp/share/turtle_tf2_cpp/environment/path.sh
[0.313s] -- Up-to-date: /home/user/int_szam_mod/install/turtle_tf2_cpp/share/turtle_tf2_cpp/environment/path.dsv
[0.314s] -- Up-to-date: /home/user/int_szam_mod/install/turtle_tf2_cpp/share/turtle_tf2_cpp/local_setup.bash
[0.314s] -- Up-to-date: /home/user/int_szam_mod/install/turtle_tf2_cpp/share/turtle_tf2_cpp/local_setup.sh
[0.315s] -- Up-to-date: /home/user/int_szam_mod/install/turtle_tf2_cpp/share/turtle_tf2_cpp/local_setup.zsh
[0.318s] -- Up-to-date: /home/user/int_szam_mod/install/turtle_tf2_cpp/share/turtle_tf2_cpp/local_setup.dsv
[0.319s] -- Installing: /home/user/int_szam_mod/install/turtle_tf2_cpp/share/turtle_tf2_cpp/package.dsv
[0.321s] -- Up-to-date: /home/user/int_szam_mod/install/turtle_tf2_cpp/share/ament_index/resource_index/packages/turtle_tf2_cpp
[0.321s] -- Up-to-date: /home/user/int_szam_mod/install/turtle_tf2_cpp/share/turtle_tf2_cpp/cmake/turtle_tf2_cppConfig.cmake
[0.323s] -- Up-to-date: /home/user/int_szam_mod/install/turtle_tf2_cpp/share/turtle_tf2_cpp/cmake/turtle_tf2_cppConfig-version.cmake
[0.324s] -- Up-to-date: /home/user/int_szam_mod/install/turtle_tf2_cpp/share/turtle_tf2_cpp/package.xml
[0.324s] Invoked command in '/home/user/int_szam_mod/build/turtle_tf2_cpp' returned '0': CMAKE_PREFIX_PATH=/opt/ros/foxy /usr/bin/cmake --install /home/user/int_szam_mod/build/turtle_tf2_cpp
