[0.045s] Invoking command in '/home/user/int_szam_mod/build/turtle_tf2_cpp': CMAKE_PREFIX_PATH=/opt/ros/foxy /usr/bin/cmake --build /home/user/int_szam_mod/build/turtle_tf2_cpp -- -j6 -l6
[0.124s] [ 16%] Built target turtle_tf2_broadcaster
[0.128s] [ 33%] Built target turtle_tf2_message_filter
[0.128s] [ 50%] Built target static_turtle_tf2_broadcaster
[0.132s] [ 66%] Built target fixed_frame_tf2_broadcaster
[0.145s] [ 83%] Built target dynamic_frame_tf2_broadcaster
[0.148s] [100%] Built target turtle_tf2_listener
[0.258s] Invoked command in '/home/user/int_szam_mod/build/turtle_tf2_cpp' returned '0': CMAKE_PREFIX_PATH=/opt/ros/foxy /usr/bin/cmake --build /home/user/int_szam_mod/build/turtle_tf2_cpp -- -j6 -l6
[0.336s] Invoking command in '/home/user/int_szam_mod/build/turtle_tf2_cpp': CMAKE_PREFIX_PATH=/opt/ros/foxy /usr/bin/cmake --install /home/user/int_szam_mod/build/turtle_tf2_cpp
[0.338s] -- Install configuration: ""
[0.338s] -- Up-to-date: /home/user/int_szam_mod/install/turtle_tf2_cpp/lib/turtle_tf2_cpp/static_turtle_tf2_broadcaster
[0.339s] -- Up-to-date: /home/user/int_szam_mod/install/turtle_tf2_cpp/lib/turtle_tf2_cpp/turtle_tf2_broadcaster
[0.339s] -- Up-to-date: /home/user/int_szam_mod/install/turtle_tf2_cpp/lib/turtle_tf2_cpp/turtle_tf2_listener
[0.340s] -- Up-to-date: /home/user/int_szam_mod/install/turtle_tf2_cpp/lib/turtle_tf2_cpp/fixed_frame_tf2_broadcaster
[0.341s] -- Up-to-date: /home/user/int_szam_mod/install/turtle_tf2_cpp/lib/turtle_tf2_cpp/dynamic_frame_tf2_broadcaster
[0.341s] -- Up-to-date: /home/user/int_szam_mod/install/turtle_tf2_cpp/lib/turtle_tf2_cpp/turtle_tf2_message_filter
[0.341s] -- Up-to-date: /home/user/int_szam_mod/install/turtle_tf2_cpp/share/turtle_tf2_cpp/launch
[0.342s] -- Up-to-date: /home/user/int_szam_mod/install/turtle_tf2_cpp/share/turtle_tf2_cpp/launch/turtle_tf2_fixed_frame_demo.launch.py
[0.342s] -- Up-to-date: /home/user/int_szam_mod/install/turtle_tf2_cpp/share/turtle_tf2_cpp/launch/turtle_tf2_dynamic_frame_demo.launch.py
[0.343s] -- Up-to-date: /home/user/int_szam_mod/install/turtle_tf2_cpp/share/turtle_tf2_cpp/launch/turtle_tf2_demo.launch.py
[0.344s] -- Up-to-date: /home/user/int_szam_mod/install/turtle_tf2_cpp/share/ament_index/resource_index/package_run_dependencies/turtle_tf2_cpp
[0.345s] -- Up-to-date: /home/user/int_szam_mod/install/turtle_tf2_cpp/share/ament_index/resource_index/parent_prefix_path/turtle_tf2_cpp
[0.345s] -- Up-to-date: /home/user/int_szam_mod/install/turtle_tf2_cpp/share/turtle_tf2_cpp/environment/ament_prefix_path.sh
[0.346s] -- Up-to-date: /home/user/int_szam_mod/install/turtle_tf2_cpp/share/turtle_tf2_cpp/environment/ament_prefix_path.dsv
[0.347s] -- Up-to-date: /home/user/int_szam_mod/install/turtle_tf2_cpp/share/turtle_tf2_cpp/environment/path.sh
[0.347s] -- Up-to-date: /home/user/int_szam_mod/install/turtle_tf2_cpp/share/turtle_tf2_cpp/environment/path.dsv
[0.350s] -- Up-to-date: /home/user/int_szam_mod/install/turtle_tf2_cpp/share/turtle_tf2_cpp/local_setup.bash
[0.351s] -- Up-to-date: /home/user/int_szam_mod/install/turtle_tf2_cpp/share/turtle_tf2_cpp/local_setup.sh
[0.351s] -- Up-to-date: /home/user/int_szam_mod/install/turtle_tf2_cpp/share/turtle_tf2_cpp/local_setup.zsh
[0.352s] -- Up-to-date: /home/user/int_szam_mod/install/turtle_tf2_cpp/share/turtle_tf2_cpp/local_setup.dsv
[0.353s] -- Installing: /home/user/int_szam_mod/install/turtle_tf2_cpp/share/turtle_tf2_cpp/package.dsv
[0.353s] -- Up-to-date: /home/user/int_szam_mod/install/turtle_tf2_cpp/share/ament_index/resource_index/packages/turtle_tf2_cpp
[0.353s] -- Up-to-date: /home/user/int_szam_mod/install/turtle_tf2_cpp/share/turtle_tf2_cpp/cmake/turtle_tf2_cppConfig.cmake
[0.354s] -- Up-to-date: /home/user/int_szam_mod/install/turtle_tf2_cpp/share/turtle_tf2_cpp/cmake/turtle_tf2_cppConfig-version.cmake
[0.355s] -- Up-to-date: /home/user/int_szam_mod/install/turtle_tf2_cpp/share/turtle_tf2_cpp/package.xml
[0.367s] Invoked command in '/home/user/int_szam_mod/build/turtle_tf2_cpp' returned '0': CMAKE_PREFIX_PATH=/opt/ros/foxy /usr/bin/cmake --install /home/user/int_szam_mod/build/turtle_tf2_cpp
