[0.031s] Invoking command in '/home/user/int_szam_mod/build/beadando': CMAKE_PREFIX_PATH=/opt/ros/foxy /usr/bin/cmake --build /home/user/int_szam_mod/build/beadando -- -j6 -l6
[0.230s] Invoked command in '/home/user/int_szam_mod/build/beadando' returned '0': CMAKE_PREFIX_PATH=/opt/ros/foxy /usr/bin/cmake --build /home/user/int_szam_mod/build/beadando -- -j6 -l6
[0.261s] Invoking command in '/home/user/int_szam_mod/build/beadando': CMAKE_PREFIX_PATH=/opt/ros/foxy /usr/bin/cmake --install /home/user/int_szam_mod/build/beadando
[0.267s] -- Install configuration: ""
[0.267s] -- Up-to-date: /home/user/int_szam_mod/install/beadando/share/ament_index/resource_index/package_run_dependencies/beadando
[0.268s] -- Up-to-date: /home/user/int_szam_mod/install/beadando/share/ament_index/resource_index/parent_prefix_path/beadando
[0.268s] -- Up-to-date: /home/user/int_szam_mod/install/beadando/share/beadando/environment/ament_prefix_path.sh
[0.268s] -- Up-to-date: /home/user/int_szam_mod/install/beadando/share/beadando/environment/ament_prefix_path.dsv
[0.268s] -- Up-to-date: /home/user/int_szam_mod/install/beadando/share/beadando/environment/path.sh
[0.268s] -- Up-to-date: /home/user/int_szam_mod/install/beadando/share/beadando/environment/path.dsv
[0.269s] -- Up-to-date: /home/user/int_szam_mod/install/beadando/share/beadando/local_setup.bash
[0.269s] -- Up-to-date: /home/user/int_szam_mod/install/beadando/share/beadando/local_setup.sh
[0.270s] -- Up-to-date: /home/user/int_szam_mod/install/beadando/share/beadando/local_setup.zsh
[0.271s] -- Up-to-date: /home/user/int_szam_mod/install/beadando/share/beadando/local_setup.dsv
[0.271s] -- Installing: /home/user/int_szam_mod/install/beadando/share/beadando/package.dsv
[0.272s] -- Up-to-date: /home/user/int_szam_mod/install/beadando/share/ament_index/resource_index/packages/beadando
[0.273s] -- Up-to-date: /home/user/int_szam_mod/install/beadando/share/beadando/cmake/beadandoConfig.cmake
[0.273s] -- Up-to-date: /home/user/int_szam_mod/install/beadando/share/beadando/cmake/beadandoConfig-version.cmake
[0.274s] -- Up-to-date: /home/user/int_szam_mod/install/beadando/share/beadando/package.xml
[0.275s] Invoked command in '/home/user/int_szam_mod/build/beadando' returned '0': CMAKE_PREFIX_PATH=/opt/ros/foxy /usr/bin/cmake --install /home/user/int_szam_mod/build/beadando
