[0.042s] Invoking command in '/home/user/int_szam_mod/build/geometry_tutorials': CMAKE_PREFIX_PATH=/opt/ros/foxy /usr/bin/cmake --build /home/user/int_szam_mod/build/geometry_tutorials -- -j6 -l6
[0.249s] Invoked command in '/home/user/int_szam_mod/build/geometry_tutorials' returned '0': CMAKE_PREFIX_PATH=/opt/ros/foxy /usr/bin/cmake --build /home/user/int_szam_mod/build/geometry_tutorials -- -j6 -l6
[0.279s] Invoking command in '/home/user/int_szam_mod/build/geometry_tutorials': CMAKE_PREFIX_PATH=/opt/ros/foxy /usr/bin/cmake --install /home/user/int_szam_mod/build/geometry_tutorials
[0.285s] -- Install configuration: ""
[0.286s] -- Up-to-date: /home/user/int_szam_mod/install/geometry_tutorials/share/ament_index/resource_index/package_run_dependencies/geometry_tutorials
[0.286s] -- Up-to-date: /home/user/int_szam_mod/install/geometry_tutorials/share/ament_index/resource_index/parent_prefix_path/geometry_tutorials
[0.286s] -- Up-to-date: /home/user/int_szam_mod/install/geometry_tutorials/share/geometry_tutorials/environment/ament_prefix_path.sh
[0.287s] -- Up-to-date: /home/user/int_szam_mod/install/geometry_tutorials/share/geometry_tutorials/environment/ament_prefix_path.dsv
[0.287s] -- Up-to-date: /home/user/int_szam_mod/install/geometry_tutorials/share/geometry_tutorials/environment/path.sh
[0.287s] -- Up-to-date: /home/user/int_szam_mod/install/geometry_tutorials/share/geometry_tutorials/environment/path.dsv
[0.287s] -- Up-to-date: /home/user/int_szam_mod/install/geometry_tutorials/share/geometry_tutorials/local_setup.bash
[0.287s] -- Up-to-date: /home/user/int_szam_mod/install/geometry_tutorials/share/geometry_tutorials/local_setup.sh
[0.287s] -- Up-to-date: /home/user/int_szam_mod/install/geometry_tutorials/share/geometry_tutorials/local_setup.zsh
[0.287s] -- Up-to-date: /home/user/int_szam_mod/install/geometry_tutorials/share/geometry_tutorials/local_setup.dsv
[0.287s] -- Installing: /home/user/int_szam_mod/install/geometry_tutorials/share/geometry_tutorials/package.dsv
[0.288s] -- Up-to-date: /home/user/int_szam_mod/install/geometry_tutorials/share/ament_index/resource_index/packages/geometry_tutorials
[0.288s] -- Up-to-date: /home/user/int_szam_mod/install/geometry_tutorials/share/geometry_tutorials/cmake/geometry_tutorialsConfig.cmake
[0.288s] -- Up-to-date: /home/user/int_szam_mod/install/geometry_tutorials/share/geometry_tutorials/cmake/geometry_tutorialsConfig-version.cmake
[0.288s] -- Up-to-date: /home/user/int_szam_mod/install/geometry_tutorials/share/geometry_tutorials/package.xml
[0.291s] Invoked command in '/home/user/int_szam_mod/build/geometry_tutorials' returned '0': CMAKE_PREFIX_PATH=/opt/ros/foxy /usr/bin/cmake --install /home/user/int_szam_mod/build/geometry_tutorials
