[0.058s] Invoking command in '/home/user/int_szam_mod/build/geometry_tutorials': CMAKE_PREFIX_PATH=/opt/ros/foxy /usr/bin/cmake /home/user/int_szam_mod/geometry_tutorials/geometry_tutorials -DCMAKE_INSTALL_PREFIX=/home/user/int_szam_mod/install/geometry_tutorials
[0.163s] -- Found ament_cmake: 0.9.9 (/opt/ros/foxy/share/ament_cmake/cmake)
[0.202s] -- Found PythonInterp: /usr/bin/python3 (found suitable version "3.8.10", minimum required is "3") 
[0.202s] -- Using PYTHON_EXECUTABLE: /usr/bin/python3
[1.258s] -- Configuring done
[1.260s] -- Generating done
[1.260s] -- Build files have been written to: /home/user/int_szam_mod/build/geometry_tutorials
[1.307s] Invoked command in '/home/user/int_szam_mod/build/geometry_tutorials' returned '0': CMAKE_PREFIX_PATH=/opt/ros/foxy /usr/bin/cmake /home/user/int_szam_mod/geometry_tutorials/geometry_tutorials -DCMAKE_INSTALL_PREFIX=/home/user/int_szam_mod/install/geometry_tutorials
[1.308s] Invoking command in '/home/user/int_szam_mod/build/geometry_tutorials': CMAKE_PREFIX_PATH=/opt/ros/foxy /usr/bin/cmake --build /home/user/int_szam_mod/build/geometry_tutorials -- -j6 -l6
[1.345s] Invoked command in '/home/user/int_szam_mod/build/geometry_tutorials' returned '0': CMAKE_PREFIX_PATH=/opt/ros/foxy /usr/bin/cmake --build /home/user/int_szam_mod/build/geometry_tutorials -- -j6 -l6
[1.388s] Invoking command in '/home/user/int_szam_mod/build/geometry_tutorials': CMAKE_PREFIX_PATH=/opt/ros/foxy /usr/bin/cmake --install /home/user/int_szam_mod/build/geometry_tutorials
[1.400s] -- Install configuration: ""
[1.404s] -- Installing: /home/user/int_szam_mod/install/geometry_tutorials/share/ament_index/resource_index/package_run_dependencies/geometry_tutorials
[1.404s] -- Installing: /home/user/int_szam_mod/install/geometry_tutorials/share/ament_index/resource_index/parent_prefix_path/geometry_tutorials
[1.405s] -- Installing: /home/user/int_szam_mod/install/geometry_tutorials/share/geometry_tutorials/environment/ament_prefix_path.sh
[1.405s] -- Installing: /home/user/int_szam_mod/install/geometry_tutorials/share/geometry_tutorials/environment/ament_prefix_path.dsv
[1.408s] -- Installing: /home/user/int_szam_mod/install/geometry_tutorials/share/geometry_tutorials/environment/path.sh
[1.408s] -- Installing: /home/user/int_szam_mod/install/geometry_tutorials/share/geometry_tutorials/environment/path.dsv
[1.408s] -- Installing: /home/user/int_szam_mod/install/geometry_tutorials/share/geometry_tutorials/local_setup.bash
[1.409s] -- Installing: /home/user/int_szam_mod/install/geometry_tutorials/share/geometry_tutorials/local_setup.sh
[1.409s] -- Installing: /home/user/int_szam_mod/install/geometry_tutorials/share/geometry_tutorials/local_setup.zsh
[1.409s] -- Installing: /home/user/int_szam_mod/install/geometry_tutorials/share/geometry_tutorials/local_setup.dsv
[1.409s] -- Installing: /home/user/int_szam_mod/install/geometry_tutorials/share/geometry_tutorials/package.dsv
[1.410s] -- Installing: /home/user/int_szam_mod/install/geometry_tutorials/share/ament_index/resource_index/packages/geometry_tutorials
[1.413s] -- Installing: /home/user/int_szam_mod/install/geometry_tutorials/share/geometry_tutorials/cmake/geometry_tutorialsConfig.cmake
[1.419s] -- Installing: /home/user/int_szam_mod/install/geometry_tutorials/share/geometry_tutorials/cmake/geometry_tutorialsConfig-version.cmake
[1.420s] -- Installing: /home/user/int_szam_mod/install/geometry_tutorials/share/geometry_tutorials/package.xml
[1.424s] Invoked command in '/home/user/int_szam_mod/build/geometry_tutorials' returned '0': CMAKE_PREFIX_PATH=/opt/ros/foxy /usr/bin/cmake --install /home/user/int_szam_mod/build/geometry_tutorials
