[ 16%] Built target dynamic_frame_tf2_broadcaster
[ 33%] Built target turtle_tf2_broadcaster
[ 50%] Built target fixed_frame_tf2_broadcaster
[ 66%] Built target turtle_tf2_message_filter
[ 83%] Built target turtle_tf2_listener
[100%] Built target static_turtle_tf2_broadcaster
-- Install configuration: ""
-- Up-to-date: /home/user/int_szam_mod/install/turtle_tf2_cpp/lib/turtle_tf2_cpp/static_turtle_tf2_broadcaster
-- Up-to-date: /home/user/int_szam_mod/install/turtle_tf2_cpp/lib/turtle_tf2_cpp/turtle_tf2_broadcaster
-- Up-to-date: /home/user/int_szam_mod/install/turtle_tf2_cpp/lib/turtle_tf2_cpp/turtle_tf2_listener
-- Up-to-date: /home/user/int_szam_mod/install/turtle_tf2_cpp/lib/turtle_tf2_cpp/fixed_frame_tf2_broadcaster
-- Up-to-date: /home/user/int_szam_mod/install/turtle_tf2_cpp/lib/turtle_tf2_cpp/dynamic_frame_tf2_broadcaster
-- Up-to-date: /home/user/int_szam_mod/install/turtle_tf2_cpp/lib/turtle_tf2_cpp/turtle_tf2_message_filter
-- Up-to-date: /home/user/int_szam_mod/install/turtle_tf2_cpp/share/turtle_tf2_cpp/launch
-- Up-to-date: /home/user/int_szam_mod/install/turtle_tf2_cpp/share/turtle_tf2_cpp/launch/turtle_tf2_fixed_frame_demo.launch.py
-- Up-to-date: /home/user/int_szam_mod/install/turtle_tf2_cpp/share/turtle_tf2_cpp/launch/turtle_tf2_dynamic_frame_demo.launch.py
-- Up-to-date: /home/user/int_szam_mod/install/turtle_tf2_cpp/share/turtle_tf2_cpp/launch/turtle_tf2_demo.launch.py
-- Up-to-date: /home/user/int_szam_mod/install/turtle_tf2_cpp/share/ament_index/resource_index/package_run_dependencies/turtle_tf2_cpp
-- Up-to-date: /home/user/int_szam_mod/install/turtle_tf2_cpp/share/ament_index/resource_index/parent_prefix_path/turtle_tf2_cpp
-- Up-to-date: /home/user/int_szam_mod/install/turtle_tf2_cpp/share/turtle_tf2_cpp/environment/ament_prefix_path.sh
-- Up-to-date: /home/user/int_szam_mod/install/turtle_tf2_cpp/share/turtle_tf2_cpp/environment/ament_prefix_path.dsv
-- Up-to-date: /home/user/int_szam_mod/install/turtle_tf2_cpp/share/turtle_tf2_cpp/environment/path.sh
-- Up-to-date: /home/user/int_szam_mod/install/turtle_tf2_cpp/share/turtle_tf2_cpp/environment/path.dsv
-- Up-to-date: /home/user/int_szam_mod/install/turtle_tf2_cpp/share/turtle_tf2_cpp/local_setup.bash
-- Up-to-date: /home/user/int_szam_mod/install/turtle_tf2_cpp/share/turtle_tf2_cpp/local_setup.sh
-- Up-to-date: /home/user/int_szam_mod/install/turtle_tf2_cpp/share/turtle_tf2_cpp/local_setup.zsh
-- Up-to-date: /home/user/int_szam_mod/install/turtle_tf2_cpp/share/turtle_tf2_cpp/local_setup.dsv
-- Installing: /home/user/int_szam_mod/install/turtle_tf2_cpp/share/turtle_tf2_cpp/package.dsv
-- Up-to-date: /home/user/int_szam_mod/install/turtle_tf2_cpp/share/ament_index/resource_index/packages/turtle_tf2_cpp
-- Up-to-date: /home/user/int_szam_mod/install/turtle_tf2_cpp/share/turtle_tf2_cpp/cmake/turtle_tf2_cppConfig.cmake
-- Up-to-date: /home/user/int_szam_mod/install/turtle_tf2_cpp/share/turtle_tf2_cpp/cmake/turtle_tf2_cppConfig-version.cmake
-- Up-to-date: /home/user/int_szam_mod/install/turtle_tf2_cpp/share/turtle_tf2_cpp/package.xml
