[0.205s] DEBUG:colcon:Command line arguments: ['/usr/bin/colcon', 'build']
[0.205s] DEBUG:colcon:Parsed command line arguments: Namespace(ament_cmake_args=None, base_paths=['.'], build_base='build', catkin_cmake_args=None, catkin_skip_building_tests=False, cmake_args=None, cmake_clean_cache=False, cmake_clean_first=False, cmake_force_configure=False, cmake_target=None, cmake_target_skip_unavailable=False, continue_on_error=False, event_handlers=None, executor='parallel', ignore_user_meta=False, install_base='install', log_base=None, log_level=None, main=<bound method BuildVerb.main of <colcon_core.verb.build.BuildVerb object at 0x7fc48be6cac0>>, merge_install=False, metas=['./colcon.meta'], packages_above=None, packages_above_and_dependencies=None, packages_above_depth=None, packages_end=None, packages_ignore=None, packages_ignore_regex=None, packages_select=None, packages_select_build_failed=False, packages_select_by_dep=None, packages_select_regex=None, packages_select_test_failures=False, packages_skip=None, packages_skip_build_finished=False, packages_skip_by_dep=None, packages_skip_regex=None, packages_skip_test_passed=False, packages_skip_up_to=None, packages_start=None, packages_up_to=None, packages_up_to_regex=None, parallel_workers=6, paths=None, symlink_install=False, test_result_base=None, verb_extension=<colcon_core.verb.build.BuildVerb object at 0x7fc48be6cac0>, verb_name='build', verb_parser=<colcon_defaults.argument_parser.defaults.DefaultArgumentsDecorator object at 0x7fc48be7a070>)
[0.208s] Level 1:colcon.colcon_core.package_discovery:discover_packages(colcon_meta) check parameters
[0.208s] Level 1:colcon.colcon_core.package_discovery:discover_packages(recursive) check parameters
[0.209s] Level 1:colcon.colcon_core.package_discovery:discover_packages(ignore) check parameters
[0.209s] Level 1:colcon.colcon_core.package_discovery:discover_packages(path) check parameters
[0.209s] Level 1:colcon.colcon_core.package_discovery:discover_packages(colcon_meta) discover
[0.209s] Level 1:colcon.colcon_core.package_discovery:discover_packages(recursive) discover
[0.209s] INFO:colcon.colcon_core.package_discovery:Crawling recursively for packages in '/home/user/int_szam_mod'
[0.209s] Level 1:colcon.colcon_core.package_identification:_identify(.) by extensions ['ignore', 'ignore_ament_install']
[0.209s] Level 1:colcon.colcon_core.package_identification:_identify(.) by extension 'ignore'
[0.209s] Level 1:colcon.colcon_core.package_identification:_identify(.) by extension 'ignore_ament_install'
[0.209s] Level 1:colcon.colcon_core.package_identification:_identify(.) by extensions ['colcon_pkg']
[0.209s] Level 1:colcon.colcon_core.package_identification:_identify(.) by extension 'colcon_pkg'
[0.209s] Level 1:colcon.colcon_core.package_identification:_identify(.) by extensions ['colcon_meta']
[0.209s] Level 1:colcon.colcon_core.package_identification:_identify(.) by extension 'colcon_meta'
[0.209s] Level 1:colcon.colcon_core.package_identification:_identify(.) by extensions ['ros']
[0.209s] Level 1:colcon.colcon_core.package_identification:_identify(.) by extension 'ros'
[0.217s] Level 1:colcon.colcon_core.package_identification:_identify(.) by extensions ['cmake', 'python']
[0.218s] Level 1:colcon.colcon_core.package_identification:_identify(.) by extension 'cmake'
[0.218s] Level 1:colcon.colcon_core.package_identification:_identify(.) by extension 'python'
[0.218s] Level 1:colcon.colcon_core.package_identification:_identify(.) by extensions ['python_setup_py']
[0.219s] Level 1:colcon.colcon_core.package_identification:_identify(.) by extension 'python_setup_py'
[0.219s] Level 1:colcon.colcon_core.package_identification:_identify(build) by extensions ['ignore', 'ignore_ament_install']
[0.219s] Level 1:colcon.colcon_core.package_identification:_identify(build) by extension 'ignore'
[0.219s] Level 1:colcon.colcon_core.package_identification:_identify(build) ignored
[0.219s] Level 1:colcon.colcon_core.package_identification:_identify(geometry_tutorials) by extensions ['ignore', 'ignore_ament_install']
[0.219s] Level 1:colcon.colcon_core.package_identification:_identify(geometry_tutorials) by extension 'ignore'
[0.219s] Level 1:colcon.colcon_core.package_identification:_identify(geometry_tutorials) by extension 'ignore_ament_install'
[0.219s] Level 1:colcon.colcon_core.package_identification:_identify(geometry_tutorials) by extensions ['colcon_pkg']
[0.219s] Level 1:colcon.colcon_core.package_identification:_identify(geometry_tutorials) by extension 'colcon_pkg'
[0.219s] Level 1:colcon.colcon_core.package_identification:_identify(geometry_tutorials) by extensions ['colcon_meta']
[0.219s] Level 1:colcon.colcon_core.package_identification:_identify(geometry_tutorials) by extension 'colcon_meta'
[0.220s] Level 1:colcon.colcon_core.package_identification:_identify(geometry_tutorials) by extensions ['ros']
[0.220s] Level 1:colcon.colcon_core.package_identification:_identify(geometry_tutorials) by extension 'ros'
[0.220s] Level 1:colcon.colcon_core.package_identification:_identify(geometry_tutorials) by extensions ['cmake', 'python']
[0.220s] Level 1:colcon.colcon_core.package_identification:_identify(geometry_tutorials) by extension 'cmake'
[0.220s] Level 1:colcon.colcon_core.package_identification:_identify(geometry_tutorials) by extension 'python'
[0.220s] Level 1:colcon.colcon_core.package_identification:_identify(geometry_tutorials) by extensions ['python_setup_py']
[0.220s] Level 1:colcon.colcon_core.package_identification:_identify(geometry_tutorials) by extension 'python_setup_py'
[0.220s] Level 1:colcon.colcon_core.package_identification:_identify(geometry_tutorials/geometry_tutorials) by extensions ['ignore', 'ignore_ament_install']
[0.220s] Level 1:colcon.colcon_core.package_identification:_identify(geometry_tutorials/geometry_tutorials) by extension 'ignore'
[0.220s] Level 1:colcon.colcon_core.package_identification:_identify(geometry_tutorials/geometry_tutorials) by extension 'ignore_ament_install'
[0.220s] Level 1:colcon.colcon_core.package_identification:_identify(geometry_tutorials/geometry_tutorials) by extensions ['colcon_pkg']
[0.221s] Level 1:colcon.colcon_core.package_identification:_identify(geometry_tutorials/geometry_tutorials) by extension 'colcon_pkg'
[0.221s] Level 1:colcon.colcon_core.package_identification:_identify(geometry_tutorials/geometry_tutorials) by extensions ['colcon_meta']
[0.221s] Level 1:colcon.colcon_core.package_identification:_identify(geometry_tutorials/geometry_tutorials) by extension 'colcon_meta'
[0.221s] Level 1:colcon.colcon_core.package_identification:_identify(geometry_tutorials/geometry_tutorials) by extensions ['ros']
[0.221s] Level 1:colcon.colcon_core.package_identification:_identify(geometry_tutorials/geometry_tutorials) by extension 'ros'
[0.222s] DEBUG:colcon.colcon_core.package_identification:Package 'geometry_tutorials/geometry_tutorials' with type 'ros.ament_cmake' and name 'geometry_tutorials'
[0.223s] Level 1:colcon.colcon_core.package_identification:_identify(geometry_tutorials/turtle_tf2_cpp) by extensions ['ignore', 'ignore_ament_install']
[0.223s] Level 1:colcon.colcon_core.package_identification:_identify(geometry_tutorials/turtle_tf2_cpp) by extension 'ignore'
[0.223s] Level 1:colcon.colcon_core.package_identification:_identify(geometry_tutorials/turtle_tf2_cpp) by extension 'ignore_ament_install'
[0.223s] Level 1:colcon.colcon_core.package_identification:_identify(geometry_tutorials/turtle_tf2_cpp) by extensions ['colcon_pkg']
[0.223s] Level 1:colcon.colcon_core.package_identification:_identify(geometry_tutorials/turtle_tf2_cpp) by extension 'colcon_pkg'
[0.223s] Level 1:colcon.colcon_core.package_identification:_identify(geometry_tutorials/turtle_tf2_cpp) by extensions ['colcon_meta']
[0.223s] Level 1:colcon.colcon_core.package_identification:_identify(geometry_tutorials/turtle_tf2_cpp) by extension 'colcon_meta'
[0.223s] Level 1:colcon.colcon_core.package_identification:_identify(geometry_tutorials/turtle_tf2_cpp) by extensions ['ros']
[0.223s] Level 1:colcon.colcon_core.package_identification:_identify(geometry_tutorials/turtle_tf2_cpp) by extension 'ros'
[0.224s] DEBUG:colcon.colcon_core.package_identification:Package 'geometry_tutorials/turtle_tf2_cpp' with type 'ros.ament_cmake' and name 'turtle_tf2_cpp'
[0.224s] Level 1:colcon.colcon_core.package_identification:_identify(geometry_tutorials/turtle_tf2_py) by extensions ['ignore', 'ignore_ament_install']
[0.225s] Level 1:colcon.colcon_core.package_identification:_identify(geometry_tutorials/turtle_tf2_py) by extension 'ignore'
[0.225s] Level 1:colcon.colcon_core.package_identification:_identify(geometry_tutorials/turtle_tf2_py) by extension 'ignore_ament_install'
[0.225s] Level 1:colcon.colcon_core.package_identification:_identify(geometry_tutorials/turtle_tf2_py) by extensions ['colcon_pkg']
[0.225s] Level 1:colcon.colcon_core.package_identification:_identify(geometry_tutorials/turtle_tf2_py) by extension 'colcon_pkg'
[0.225s] Level 1:colcon.colcon_core.package_identification:_identify(geometry_tutorials/turtle_tf2_py) by extensions ['colcon_meta']
[0.225s] Level 1:colcon.colcon_core.package_identification:_identify(geometry_tutorials/turtle_tf2_py) by extension 'colcon_meta'
[0.225s] Level 1:colcon.colcon_core.package_identification:_identify(geometry_tutorials/turtle_tf2_py) by extensions ['ros']
[0.225s] Level 1:colcon.colcon_core.package_identification:_identify(geometry_tutorials/turtle_tf2_py) by extension 'ros'
[0.225s] DEBUG:colcon.colcon_core.package_identification:Package 'geometry_tutorials/turtle_tf2_py' with type 'ros.ament_python' and name 'turtle_tf2_py'
[0.226s] Level 1:colcon.colcon_core.package_identification:_identify(install) by extensions ['ignore', 'ignore_ament_install']
[0.226s] Level 1:colcon.colcon_core.package_identification:_identify(install) by extension 'ignore'
[0.226s] Level 1:colcon.colcon_core.package_identification:_identify(install) ignored
[0.226s] Level 1:colcon.colcon_core.package_identification:_identify(log) by extensions ['ignore', 'ignore_ament_install']
[0.226s] Level 1:colcon.colcon_core.package_identification:_identify(log) by extension 'ignore'
[0.226s] Level 1:colcon.colcon_core.package_identification:_identify(log) ignored
[0.226s] Level 1:colcon.colcon_core.package_discovery:discover_packages(recursive) using defaults
[0.226s] Level 1:colcon.colcon_core.package_discovery:discover_packages(ignore) discover
[0.226s] Level 1:colcon.colcon_core.package_discovery:discover_packages(ignore) using defaults
[0.226s] Level 1:colcon.colcon_core.package_discovery:discover_packages(path) discover
[0.226s] Level 1:colcon.colcon_core.package_discovery:discover_packages(path) using defaults
[0.232s] Level 5:colcon.colcon_core.verb:set package 'geometry_tutorials' build argument 'cmake_args' from command line to 'None'
[0.239s] Level 5:colcon.colcon_core.verb:set package 'geometry_tutorials' build argument 'cmake_target' from command line to 'None'
[0.240s] Level 5:colcon.colcon_core.verb:set package 'geometry_tutorials' build argument 'cmake_target_skip_unavailable' from command line to 'False'
[0.240s] Level 5:colcon.colcon_core.verb:set package 'geometry_tutorials' build argument 'cmake_clean_cache' from command line to 'False'
[0.240s] Level 5:colcon.colcon_core.verb:set package 'geometry_tutorials' build argument 'cmake_clean_first' from command line to 'False'
[0.240s] Level 5:colcon.colcon_core.verb:set package 'geometry_tutorials' build argument 'cmake_force_configure' from command line to 'False'
[0.240s] Level 5:colcon.colcon_core.verb:set package 'geometry_tutorials' build argument 'ament_cmake_args' from command line to 'None'
[0.240s] Level 5:colcon.colcon_core.verb:set package 'geometry_tutorials' build argument 'catkin_cmake_args' from command line to 'None'
[0.241s] Level 5:colcon.colcon_core.verb:set package 'geometry_tutorials' build argument 'catkin_skip_building_tests' from command line to 'False'
[0.241s] DEBUG:colcon.colcon_core.verb:Building package 'geometry_tutorials' with the following arguments: {'ament_cmake_args': None, 'build_base': '/home/user/int_szam_mod/build/geometry_tutorials', 'catkin_cmake_args': None, 'catkin_skip_building_tests': False, 'cmake_args': None, 'cmake_clean_cache': False, 'cmake_clean_first': False, 'cmake_force_configure': False, 'cmake_target': None, 'cmake_target_skip_unavailable': False, 'install_base': '/home/user/int_szam_mod/install/geometry_tutorials', 'merge_install': False, 'path': '/home/user/int_szam_mod/geometry_tutorials/geometry_tutorials', 'symlink_install': False, 'test_result_base': None}
[0.242s] Level 5:colcon.colcon_core.verb:set package 'turtle_tf2_cpp' build argument 'cmake_args' from command line to 'None'
[0.242s] Level 5:colcon.colcon_core.verb:set package 'turtle_tf2_cpp' build argument 'cmake_target' from command line to 'None'
[0.242s] Level 5:colcon.colcon_core.verb:set package 'turtle_tf2_cpp' build argument 'cmake_target_skip_unavailable' from command line to 'False'
[0.242s] Level 5:colcon.colcon_core.verb:set package 'turtle_tf2_cpp' build argument 'cmake_clean_cache' from command line to 'False'
[0.242s] Level 5:colcon.colcon_core.verb:set package 'turtle_tf2_cpp' build argument 'cmake_clean_first' from command line to 'False'
[0.243s] Level 5:colcon.colcon_core.verb:set package 'turtle_tf2_cpp' build argument 'cmake_force_configure' from command line to 'False'
[0.243s] Level 5:colcon.colcon_core.verb:set package 'turtle_tf2_cpp' build argument 'ament_cmake_args' from command line to 'None'
[0.243s] Level 5:colcon.colcon_core.verb:set package 'turtle_tf2_cpp' build argument 'catkin_cmake_args' from command line to 'None'
[0.243s] Level 5:colcon.colcon_core.verb:set package 'turtle_tf2_cpp' build argument 'catkin_skip_building_tests' from command line to 'False'
[0.243s] DEBUG:colcon.colcon_core.verb:Building package 'turtle_tf2_cpp' with the following arguments: {'ament_cmake_args': None, 'build_base': '/home/user/int_szam_mod/build/turtle_tf2_cpp', 'catkin_cmake_args': None, 'catkin_skip_building_tests': False, 'cmake_args': None, 'cmake_clean_cache': False, 'cmake_clean_first': False, 'cmake_force_configure': False, 'cmake_target': None, 'cmake_target_skip_unavailable': False, 'install_base': '/home/user/int_szam_mod/install/turtle_tf2_cpp', 'merge_install': False, 'path': '/home/user/int_szam_mod/geometry_tutorials/turtle_tf2_cpp', 'symlink_install': False, 'test_result_base': None}
[0.243s] Level 5:colcon.colcon_core.verb:set package 'turtle_tf2_py' build argument 'cmake_args' from command line to 'None'
[0.244s] Level 5:colcon.colcon_core.verb:set package 'turtle_tf2_py' build argument 'cmake_target' from command line to 'None'
[0.244s] Level 5:colcon.colcon_core.verb:set package 'turtle_tf2_py' build argument 'cmake_target_skip_unavailable' from command line to 'False'
[0.244s] Level 5:colcon.colcon_core.verb:set package 'turtle_tf2_py' build argument 'cmake_clean_cache' from command line to 'False'
[0.245s] Level 5:colcon.colcon_core.verb:set package 'turtle_tf2_py' build argument 'cmake_clean_first' from command line to 'False'
[0.245s] Level 5:colcon.colcon_core.verb:set package 'turtle_tf2_py' build argument 'cmake_force_configure' from command line to 'False'
[0.245s] Level 5:colcon.colcon_core.verb:set package 'turtle_tf2_py' build argument 'ament_cmake_args' from command line to 'None'
[0.245s] Level 5:colcon.colcon_core.verb:set package 'turtle_tf2_py' build argument 'catkin_cmake_args' from command line to 'None'
[0.245s] Level 5:colcon.colcon_core.verb:set package 'turtle_tf2_py' build argument 'catkin_skip_building_tests' from command line to 'False'
[0.245s] DEBUG:colcon.colcon_core.verb:Building package 'turtle_tf2_py' with the following arguments: {'ament_cmake_args': None, 'build_base': '/home/user/int_szam_mod/build/turtle_tf2_py', 'catkin_cmake_args': None, 'catkin_skip_building_tests': False, 'cmake_args': None, 'cmake_clean_cache': False, 'cmake_clean_first': False, 'cmake_force_configure': False, 'cmake_target': None, 'cmake_target_skip_unavailable': False, 'install_base': '/home/user/int_szam_mod/install/turtle_tf2_py', 'merge_install': False, 'path': '/home/user/int_szam_mod/geometry_tutorials/turtle_tf2_py', 'symlink_install': False, 'test_result_base': None}
[0.245s] INFO:colcon.colcon_core.executor:Executing jobs using 'parallel' executor
[0.247s] DEBUG:colcon.colcon_parallel_executor.executor.parallel:run_until_complete
[0.247s] INFO:colcon.colcon_ros.task.ament_cmake.build:Building ROS package in '/home/user/int_szam_mod/geometry_tutorials/geometry_tutorials' with build type 'ament_cmake'
[0.248s] INFO:colcon.colcon_cmake.task.cmake.build:Building CMake package in '/home/user/int_szam_mod/geometry_tutorials/geometry_tutorials'
[0.252s] INFO:colcon.colcon_core.plugin_system:Skipping extension 'colcon_core.shell.bat': Not used on non-Windows systems
[0.252s] INFO:colcon.colcon_core.shell:Skip shell extension 'powershell' for command environment: Not usable outside of PowerShell
[0.252s] DEBUG:colcon.colcon_core.shell:Skip shell extension 'dsv' for command environment
[0.254s] DEBUG:colcon.colcon_core.shell:Ignoring prefix path '/opt/ros/foxy'
[0.257s] INFO:colcon.colcon_ros.task.ament_cmake.build:Building ROS package in '/home/user/int_szam_mod/geometry_tutorials/turtle_tf2_cpp' with build type 'ament_cmake'
[0.258s] INFO:colcon.colcon_cmake.task.cmake.build:Building CMake package in '/home/user/int_szam_mod/geometry_tutorials/turtle_tf2_cpp'
[0.259s] INFO:colcon.colcon_core.shell:Skip shell extension 'powershell' for command environment: Not usable outside of PowerShell
[0.260s] DEBUG:colcon.colcon_core.shell:Skip shell extension 'dsv' for command environment
[0.261s] DEBUG:colcon.colcon_core.shell:Ignoring prefix path '/opt/ros/foxy'
[0.263s] INFO:colcon.colcon_ros.task.ament_python.build:Building ROS package in '/home/user/int_szam_mod/geometry_tutorials/turtle_tf2_py' with build type 'ament_python'
[0.265s] Level 1:colcon.colcon_core.shell:create_environment_hook('turtle_tf2_py', 'ament_prefix_path')
[0.266s] INFO:colcon.colcon_core.shell:Creating environment hook '/home/user/int_szam_mod/install/turtle_tf2_py/share/turtle_tf2_py/hook/ament_prefix_path.ps1'
[0.268s] INFO:colcon.colcon_core.shell:Creating environment descriptor '/home/user/int_szam_mod/install/turtle_tf2_py/share/turtle_tf2_py/hook/ament_prefix_path.dsv'
[0.268s] INFO:colcon.colcon_core.shell:Creating environment hook '/home/user/int_szam_mod/install/turtle_tf2_py/share/turtle_tf2_py/hook/ament_prefix_path.sh'
[0.269s] INFO:colcon.colcon_core.shell:Skip shell extension 'powershell' for command environment: Not usable outside of PowerShell
[0.269s] DEBUG:colcon.colcon_core.shell:Skip shell extension 'dsv' for command environment
[0.270s] DEBUG:colcon.colcon_core.shell:Ignoring prefix path '/opt/ros/foxy'
[0.285s] DEBUG:colcon.colcon_core.event_handler.log_command:Invoking command in '/home/user/int_szam_mod/build/geometry_tutorials': CMAKE_PREFIX_PATH=/opt/ros/foxy /usr/bin/cmake --build /home/user/int_szam_mod/build/geometry_tutorials -- -j6 -l6
[0.290s] DEBUG:colcon.colcon_core.event_handler.log_command:Invoking command in '/home/user/int_szam_mod/build/turtle_tf2_cpp': CMAKE_PREFIX_PATH=/opt/ros/foxy /usr/bin/cmake --build /home/user/int_szam_mod/build/turtle_tf2_cpp -- -j6 -l6
[0.469s] INFO:colcon.colcon_core.task.python.build:Building Python package in '/home/user/int_szam_mod/geometry_tutorials/turtle_tf2_py'
[0.469s] INFO:colcon.colcon_core.shell:Skip shell extension 'powershell' for command environment: Not usable outside of PowerShell
[0.470s] DEBUG:colcon.colcon_core.shell:Skip shell extension 'dsv' for command environment
[0.470s] DEBUG:colcon.colcon_core.shell:Ignoring prefix path '/opt/ros/foxy'
[0.481s] DEBUG:colcon.colcon_core.event_handler.log_command:Invoked command in '/home/user/int_szam_mod/build/geometry_tutorials' returned '0': CMAKE_PREFIX_PATH=/opt/ros/foxy /usr/bin/cmake --build /home/user/int_szam_mod/build/geometry_tutorials -- -j6 -l6
[0.491s] DEBUG:colcon.colcon_core.event_handler.log_command:Invoking command in '/home/user/int_szam_mod/geometry_tutorials/turtle_tf2_py': PYTHONPATH=/home/user/int_szam_mod/install/turtle_tf2_py/lib/python3.8/site-packages:${PYTHONPATH} /usr/bin/python3 setup.py egg_info --egg-base ../../build/turtle_tf2_py build --build-base /home/user/int_szam_mod/build/turtle_tf2_py/build install --prefix /home/user/int_szam_mod/install/turtle_tf2_py --record /home/user/int_szam_mod/build/turtle_tf2_py/install.log --single-version-externally-managed
[0.492s] DEBUG:colcon.colcon_core.event_handler.log_command:Invoked command in '/home/user/int_szam_mod/build/turtle_tf2_cpp' returned '0': CMAKE_PREFIX_PATH=/opt/ros/foxy /usr/bin/cmake --build /home/user/int_szam_mod/build/turtle_tf2_cpp -- -j6 -l6
[0.514s] DEBUG:colcon.colcon_core.event_handler.log_command:Invoking command in '/home/user/int_szam_mod/build/geometry_tutorials': CMAKE_PREFIX_PATH=/opt/ros/foxy /usr/bin/cmake --install /home/user/int_szam_mod/build/geometry_tutorials
[0.530s] Level 1:colcon.colcon_core.environment:create_environment_scripts_only(geometry_tutorials)
[0.533s] DEBUG:colcon.colcon_core.event_handler.log_command:Invoked command in '/home/user/int_szam_mod/build/geometry_tutorials' returned '0': CMAKE_PREFIX_PATH=/opt/ros/foxy /usr/bin/cmake --install /home/user/int_szam_mod/build/geometry_tutorials
[0.534s] Level 1:colcon.colcon_core.environment:checking '/home/user/int_szam_mod/install/geometry_tutorials' for CMake module files
[0.536s] Level 1:colcon.colcon_core.environment:checking '/home/user/int_szam_mod/install/geometry_tutorials' for CMake config files
[0.536s] Level 1:colcon.colcon_core.shell:create_environment_hook('geometry_tutorials', 'cmake_prefix_path')
[0.536s] INFO:colcon.colcon_core.shell:Creating environment hook '/home/user/int_szam_mod/install/geometry_tutorials/share/geometry_tutorials/hook/cmake_prefix_path.ps1'
[0.537s] INFO:colcon.colcon_core.shell:Creating environment descriptor '/home/user/int_szam_mod/install/geometry_tutorials/share/geometry_tutorials/hook/cmake_prefix_path.dsv'
[0.537s] INFO:colcon.colcon_core.shell:Creating environment hook '/home/user/int_szam_mod/install/geometry_tutorials/share/geometry_tutorials/hook/cmake_prefix_path.sh'
[0.538s] Level 1:colcon.colcon_core.environment:checking '/home/user/int_szam_mod/install/geometry_tutorials/bin'
[0.538s] Level 1:colcon.colcon_core.environment:checking '/home/user/int_szam_mod/install/geometry_tutorials/lib/pkgconfig/geometry_tutorials.pc'
[0.538s] Level 1:colcon.colcon_core.environment:checking '/home/user/int_szam_mod/install/geometry_tutorials/lib/python3.8/site-packages'
[0.539s] INFO:colcon.colcon_core.shell:Creating package script '/home/user/int_szam_mod/install/geometry_tutorials/share/geometry_tutorials/package.ps1'
[0.540s] INFO:colcon.colcon_core.shell:Creating package descriptor '/home/user/int_szam_mod/install/geometry_tutorials/share/geometry_tutorials/package.dsv'
[0.540s] INFO:colcon.colcon_core.shell:Creating package script '/home/user/int_szam_mod/install/geometry_tutorials/share/geometry_tutorials/package.sh'
[0.541s] INFO:colcon.colcon_core.shell:Creating package script '/home/user/int_szam_mod/install/geometry_tutorials/share/geometry_tutorials/package.bash'
[0.542s] INFO:colcon.colcon_core.shell:Creating package script '/home/user/int_szam_mod/install/geometry_tutorials/share/geometry_tutorials/package.zsh'
[0.542s] Level 1:colcon.colcon_core.environment:create_file_with_runtime_dependencies(/home/user/int_szam_mod/install/geometry_tutorials/share/colcon-core/packages/geometry_tutorials)
[0.550s] DEBUG:colcon.colcon_core.event_handler.log_command:Invoking command in '/home/user/int_szam_mod/build/turtle_tf2_cpp': CMAKE_PREFIX_PATH=/opt/ros/foxy /usr/bin/cmake --install /home/user/int_szam_mod/build/turtle_tf2_cpp
[0.562s] Level 1:colcon.colcon_core.environment:create_environment_scripts_only(turtle_tf2_cpp)
[0.563s] Level 1:colcon.colcon_core.environment:checking '/home/user/int_szam_mod/install/turtle_tf2_cpp' for CMake module files
[0.567s] Level 1:colcon.colcon_core.environment:checking '/home/user/int_szam_mod/install/turtle_tf2_cpp' for CMake config files
[0.569s] Level 1:colcon.colcon_core.shell:create_environment_hook('turtle_tf2_cpp', 'cmake_prefix_path')
[0.570s] INFO:colcon.colcon_core.shell:Creating environment hook '/home/user/int_szam_mod/install/turtle_tf2_cpp/share/turtle_tf2_cpp/hook/cmake_prefix_path.ps1'
[0.571s] INFO:colcon.colcon_core.shell:Creating environment descriptor '/home/user/int_szam_mod/install/turtle_tf2_cpp/share/turtle_tf2_cpp/hook/cmake_prefix_path.dsv'
[0.573s] INFO:colcon.colcon_core.shell:Creating environment hook '/home/user/int_szam_mod/install/turtle_tf2_cpp/share/turtle_tf2_cpp/hook/cmake_prefix_path.sh'
[0.574s] Level 1:colcon.colcon_core.environment:checking '/home/user/int_szam_mod/install/turtle_tf2_cpp/lib'
[0.574s] Level 1:colcon.colcon_core.environment:checking '/home/user/int_szam_mod/install/turtle_tf2_cpp/bin'
[0.574s] Level 1:colcon.colcon_core.environment:checking '/home/user/int_szam_mod/install/turtle_tf2_cpp/lib/pkgconfig/turtle_tf2_cpp.pc'
[0.574s] Level 1:colcon.colcon_core.environment:checking '/home/user/int_szam_mod/install/turtle_tf2_cpp/lib/python3.8/site-packages'
[0.575s] INFO:colcon.colcon_core.shell:Creating package script '/home/user/int_szam_mod/install/turtle_tf2_cpp/share/turtle_tf2_cpp/package.ps1'
[0.577s] INFO:colcon.colcon_core.shell:Creating package descriptor '/home/user/int_szam_mod/install/turtle_tf2_cpp/share/turtle_tf2_cpp/package.dsv'
[0.580s] INFO:colcon.colcon_core.shell:Creating package script '/home/user/int_szam_mod/install/turtle_tf2_cpp/share/turtle_tf2_cpp/package.sh'
[0.581s] INFO:colcon.colcon_core.shell:Creating package script '/home/user/int_szam_mod/install/turtle_tf2_cpp/share/turtle_tf2_cpp/package.bash'
[0.582s] DEBUG:colcon.colcon_core.event_handler.log_command:Invoked command in '/home/user/int_szam_mod/build/turtle_tf2_cpp' returned '0': CMAKE_PREFIX_PATH=/opt/ros/foxy /usr/bin/cmake --install /home/user/int_szam_mod/build/turtle_tf2_cpp
[0.583s] INFO:colcon.colcon_core.shell:Creating package script '/home/user/int_szam_mod/install/turtle_tf2_cpp/share/turtle_tf2_cpp/package.zsh'
[0.583s] Level 1:colcon.colcon_core.environment:create_file_with_runtime_dependencies(/home/user/int_szam_mod/install/turtle_tf2_cpp/share/colcon-core/packages/turtle_tf2_cpp)
[0.588s] Level 1:colcon.colcon_core.environment:create_environment_scripts_only(geometry_tutorials)
[0.589s] Level 1:colcon.colcon_core.environment:checking '/home/user/int_szam_mod/install/geometry_tutorials' for CMake module files
[0.590s] Level 1:colcon.colcon_core.environment:checking '/home/user/int_szam_mod/install/geometry_tutorials' for CMake config files
[0.590s] Level 1:colcon.colcon_core.shell:create_environment_hook('geometry_tutorials', 'cmake_prefix_path')
[0.590s] INFO:colcon.colcon_core.shell:Creating environment hook '/home/user/int_szam_mod/install/geometry_tutorials/share/geometry_tutorials/hook/cmake_prefix_path.ps1'
[0.591s] INFO:colcon.colcon_core.shell:Creating environment descriptor '/home/user/int_szam_mod/install/geometry_tutorials/share/geometry_tutorials/hook/cmake_prefix_path.dsv'
[0.591s] INFO:colcon.colcon_core.shell:Creating environment hook '/home/user/int_szam_mod/install/geometry_tutorials/share/geometry_tutorials/hook/cmake_prefix_path.sh'
[0.592s] Level 1:colcon.colcon_core.environment:checking '/home/user/int_szam_mod/install/geometry_tutorials/bin'
[0.592s] Level 1:colcon.colcon_core.environment:checking '/home/user/int_szam_mod/install/geometry_tutorials/lib/pkgconfig/geometry_tutorials.pc'
[0.592s] Level 1:colcon.colcon_core.environment:checking '/home/user/int_szam_mod/install/geometry_tutorials/lib/python3.8/site-packages'
[0.593s] INFO:colcon.colcon_core.shell:Creating package script '/home/user/int_szam_mod/install/geometry_tutorials/share/geometry_tutorials/package.ps1'
[0.593s] INFO:colcon.colcon_core.shell:Creating package descriptor '/home/user/int_szam_mod/install/geometry_tutorials/share/geometry_tutorials/package.dsv'
[0.594s] INFO:colcon.colcon_core.shell:Creating package script '/home/user/int_szam_mod/install/geometry_tutorials/share/geometry_tutorials/package.sh'
[0.594s] INFO:colcon.colcon_core.shell:Creating package script '/home/user/int_szam_mod/install/geometry_tutorials/share/geometry_tutorials/package.bash'
[0.595s] INFO:colcon.colcon_core.shell:Creating package script '/home/user/int_szam_mod/install/geometry_tutorials/share/geometry_tutorials/package.zsh'
[0.595s] Level 1:colcon.colcon_core.environment:create_file_with_runtime_dependencies(/home/user/int_szam_mod/install/geometry_tutorials/share/colcon-core/packages/geometry_tutorials)
[0.629s] Level 1:colcon.colcon_core.environment:create_environment_scripts_only(turtle_tf2_cpp)
[0.630s] Level 1:colcon.colcon_core.environment:checking '/home/user/int_szam_mod/install/turtle_tf2_cpp' for CMake module files
[0.630s] Level 1:colcon.colcon_core.environment:checking '/home/user/int_szam_mod/install/turtle_tf2_cpp' for CMake config files
[0.630s] Level 1:colcon.colcon_core.shell:create_environment_hook('turtle_tf2_cpp', 'cmake_prefix_path')
[0.631s] INFO:colcon.colcon_core.shell:Creating environment hook '/home/user/int_szam_mod/install/turtle_tf2_cpp/share/turtle_tf2_cpp/hook/cmake_prefix_path.ps1'
[0.631s] INFO:colcon.colcon_core.shell:Creating environment descriptor '/home/user/int_szam_mod/install/turtle_tf2_cpp/share/turtle_tf2_cpp/hook/cmake_prefix_path.dsv'
[0.632s] INFO:colcon.colcon_core.shell:Creating environment hook '/home/user/int_szam_mod/install/turtle_tf2_cpp/share/turtle_tf2_cpp/hook/cmake_prefix_path.sh'
[0.632s] Level 1:colcon.colcon_core.environment:checking '/home/user/int_szam_mod/install/turtle_tf2_cpp/lib'
[0.633s] Level 1:colcon.colcon_core.environment:checking '/home/user/int_szam_mod/install/turtle_tf2_cpp/bin'
[0.633s] Level 1:colcon.colcon_core.environment:checking '/home/user/int_szam_mod/install/turtle_tf2_cpp/lib/pkgconfig/turtle_tf2_cpp.pc'
[0.633s] Level 1:colcon.colcon_core.environment:checking '/home/user/int_szam_mod/install/turtle_tf2_cpp/lib/python3.8/site-packages'
[0.633s] INFO:colcon.colcon_core.shell:Creating package script '/home/user/int_szam_mod/install/turtle_tf2_cpp/share/turtle_tf2_cpp/package.ps1'
[0.634s] INFO:colcon.colcon_core.shell:Creating package descriptor '/home/user/int_szam_mod/install/turtle_tf2_cpp/share/turtle_tf2_cpp/package.dsv'
[0.634s] INFO:colcon.colcon_core.shell:Creating package script '/home/user/int_szam_mod/install/turtle_tf2_cpp/share/turtle_tf2_cpp/package.sh'
[0.635s] INFO:colcon.colcon_core.shell:Creating package script '/home/user/int_szam_mod/install/turtle_tf2_cpp/share/turtle_tf2_cpp/package.bash'
[0.635s] INFO:colcon.colcon_core.shell:Creating package script '/home/user/int_szam_mod/install/turtle_tf2_cpp/share/turtle_tf2_cpp/package.zsh'
[0.635s] Level 1:colcon.colcon_core.environment:create_file_with_runtime_dependencies(/home/user/int_szam_mod/install/turtle_tf2_cpp/share/colcon-core/packages/turtle_tf2_cpp)
[0.729s] Level 1:colcon.colcon_core.environment:checking '/home/user/int_szam_mod/install/turtle_tf2_py' for CMake module files
[0.730s] Level 1:colcon.colcon_core.environment:checking '/home/user/int_szam_mod/install/turtle_tf2_py' for CMake config files
[0.731s] DEBUG:colcon.colcon_core.event_handler.log_command:Invoked command in '/home/user/int_szam_mod/geometry_tutorials/turtle_tf2_py' returned '0': PYTHONPATH=/home/user/int_szam_mod/install/turtle_tf2_py/lib/python3.8/site-packages:${PYTHONPATH} /usr/bin/python3 setup.py egg_info --egg-base ../../build/turtle_tf2_py build --build-base /home/user/int_szam_mod/build/turtle_tf2_py/build install --prefix /home/user/int_szam_mod/install/turtle_tf2_py --record /home/user/int_szam_mod/build/turtle_tf2_py/install.log --single-version-externally-managed
[0.732s] Level 1:colcon.colcon_core.environment:checking '/home/user/int_szam_mod/install/turtle_tf2_py/lib'
[0.732s] Level 1:colcon.colcon_core.environment:checking '/home/user/int_szam_mod/install/turtle_tf2_py/bin'
[0.732s] Level 1:colcon.colcon_core.environment:checking '/home/user/int_szam_mod/install/turtle_tf2_py/lib/pkgconfig/turtle_tf2_py.pc'
[0.732s] Level 1:colcon.colcon_core.environment:checking '/home/user/int_szam_mod/install/turtle_tf2_py/lib/python3.8/site-packages'
[0.732s] Level 1:colcon.colcon_core.shell:create_environment_hook('turtle_tf2_py', 'pythonpath')
[0.733s] INFO:colcon.colcon_core.shell:Creating environment hook '/home/user/int_szam_mod/install/turtle_tf2_py/share/turtle_tf2_py/hook/pythonpath.ps1'
[0.734s] INFO:colcon.colcon_core.shell:Creating environment descriptor '/home/user/int_szam_mod/install/turtle_tf2_py/share/turtle_tf2_py/hook/pythonpath.dsv'
[0.734s] INFO:colcon.colcon_core.shell:Creating environment hook '/home/user/int_szam_mod/install/turtle_tf2_py/share/turtle_tf2_py/hook/pythonpath.sh'
[0.734s] Level 1:colcon.colcon_core.environment:create_environment_scripts_only(turtle_tf2_py)
[0.735s] INFO:colcon.colcon_core.shell:Creating package script '/home/user/int_szam_mod/install/turtle_tf2_py/share/turtle_tf2_py/package.ps1'
[0.736s] INFO:colcon.colcon_core.shell:Creating package descriptor '/home/user/int_szam_mod/install/turtle_tf2_py/share/turtle_tf2_py/package.dsv'
[0.736s] INFO:colcon.colcon_core.shell:Creating package script '/home/user/int_szam_mod/install/turtle_tf2_py/share/turtle_tf2_py/package.sh'
[0.737s] INFO:colcon.colcon_core.shell:Creating package script '/home/user/int_szam_mod/install/turtle_tf2_py/share/turtle_tf2_py/package.bash'
[0.737s] INFO:colcon.colcon_core.shell:Creating package script '/home/user/int_szam_mod/install/turtle_tf2_py/share/turtle_tf2_py/package.zsh'
[0.738s] Level 1:colcon.colcon_core.environment:create_file_with_runtime_dependencies(/home/user/int_szam_mod/install/turtle_tf2_py/share/colcon-core/packages/turtle_tf2_py)
[0.738s] DEBUG:colcon.colcon_parallel_executor.executor.parallel:closing loop
[0.738s] DEBUG:colcon.colcon_parallel_executor.executor.parallel:loop closed
[0.739s] DEBUG:colcon.colcon_parallel_executor.executor.parallel:run_until_complete finished with '0'
[0.739s] DEBUG:colcon.colcon_core.event_reactor:joining thread
[0.745s] INFO:colcon.colcon_core.plugin_system:Skipping extension 'colcon_notification.desktop_notification.notify_send': Could not find 'notify-send'
[0.745s] INFO:colcon.colcon_core.plugin_system:Skipping extension 'colcon_notification.desktop_notification.terminal_notifier': Not used on non-Darwin systems
[0.745s] INFO:colcon.colcon_core.plugin_system:Skipping extension 'colcon_notification.desktop_notification.win32': Not used on non-Windows systems
[0.745s] INFO:colcon.colcon_notification.desktop_notification:Sending desktop notification using 'notify2'
[0.752s] DEBUG:colcon.colcon_core.event_reactor:joined thread
[0.753s] INFO:colcon.colcon_core.shell:Creating prefix script '/home/user/int_szam_mod/install/local_setup.ps1'
[0.755s] INFO:colcon.colcon_core.shell:Creating prefix util module '/home/user/int_szam_mod/install/_local_setup_util_ps1.py'
[0.757s] INFO:colcon.colcon_core.shell:Creating prefix chain script '/home/user/int_szam_mod/install/setup.ps1'
[0.759s] INFO:colcon.colcon_core.shell:Creating prefix script '/home/user/int_szam_mod/install/local_setup.sh'
[0.760s] INFO:colcon.colcon_core.shell:Creating prefix util module '/home/user/int_szam_mod/install/_local_setup_util_sh.py'
[0.761s] INFO:colcon.colcon_core.shell:Creating prefix chain script '/home/user/int_szam_mod/install/setup.sh'
[0.763s] INFO:colcon.colcon_core.shell:Creating prefix script '/home/user/int_szam_mod/install/local_setup.bash'
[0.764s] INFO:colcon.colcon_core.shell:Creating prefix chain script '/home/user/int_szam_mod/install/setup.bash'
[0.765s] INFO:colcon.colcon_core.shell:Creating prefix script '/home/user/int_szam_mod/install/local_setup.zsh'
[0.766s] INFO:colcon.colcon_core.shell:Creating prefix chain script '/home/user/int_szam_mod/install/setup.zsh'
