/home/user/int_szam_mod/install/int_szam_mod_feladat/lib/python3.8/site-packages/int_szam_mod_feladat/int_szam_mod_feladat_message_broadcaster.py
/home/user/int_szam_mod/install/int_szam_mod_feladat/lib/python3.8/site-packages/int_szam_mod_feladat/__init__.py
/home/user/int_szam_mod/install/int_szam_mod_feladat/lib/python3.8/site-packages/int_szam_mod_feladat/fixed_frame_tf2_broadcaster.py
/home/user/int_szam_mod/install/int_szam_mod_feladat/lib/python3.8/site-packages/int_szam_mod_feladat/int_szam_mod_feladat_broadcaster.py
/home/user/int_szam_mod/install/int_szam_mod_feladat/lib/python3.8/site-packages/int_szam_mod_feladat/int_szam_mod_feladat_listener.py
/home/user/int_szam_mod/install/int_szam_mod_feladat/lib/python3.8/site-packages/int_szam_mod_feladat/static_int_szam_mod_feladat_broadcaster.py
/home/user/int_szam_mod/install/int_szam_mod_feladat/lib/python3.8/site-packages/int_szam_mod_feladat/dynamic_frame_tf2_broadcaster.py
/home/user/int_szam_mod/install/int_szam_mod_feladat/lib/python3.8/site-packages/int_szam_mod_feladat/__pycache__/int_szam_mod_feladat_message_broadcaster.cpython-38.pyc
/home/user/int_szam_mod/install/int_szam_mod_feladat/lib/python3.8/site-packages/int_szam_mod_feladat/__pycache__/__init__.cpython-38.pyc
/home/user/int_szam_mod/install/int_szam_mod_feladat/lib/python3.8/site-packages/int_szam_mod_feladat/__pycache__/fixed_frame_tf2_broadcaster.cpython-38.pyc
/home/user/int_szam_mod/install/int_szam_mod_feladat/lib/python3.8/site-packages/int_szam_mod_feladat/__pycache__/int_szam_mod_feladat_broadcaster.cpython-38.pyc
/home/user/int_szam_mod/install/int_szam_mod_feladat/lib/python3.8/site-packages/int_szam_mod_feladat/__pycache__/int_szam_mod_feladat_listener.cpython-38.pyc
/home/user/int_szam_mod/install/int_szam_mod_feladat/lib/python3.8/site-packages/int_szam_mod_feladat/__pycache__/static_int_szam_mod_feladat_broadcaster.cpython-38.pyc
/home/user/int_szam_mod/install/int_szam_mod_feladat/lib/python3.8/site-packages/int_szam_mod_feladat/__pycache__/dynamic_frame_tf2_broadcaster.cpython-38.pyc
/home/user/int_szam_mod/install/int_szam_mod_feladat/share/ament_index/resource_index/packages/int_szam_mod_feladat
/home/user/int_szam_mod/install/int_szam_mod_feladat/share/int_szam_mod_feladat/package.xml
/home/user/int_szam_mod/install/int_szam_mod_feladat/share/int_szam_mod_feladat/launch/int_szam_mod_feladat_dynamic_frame_demo.launch.py
/home/user/int_szam_mod/install/int_szam_mod_feladat/share/int_szam_mod_feladat/launch/int_szam_mod_feladat.launch.py
/home/user/int_szam_mod/install/int_szam_mod_feladat/share/int_szam_mod_feladat/launch/int_szam_mod_feladat_sensor_message.launch.py
/home/user/int_szam_mod/install/int_szam_mod_feladat/share/int_szam_mod_feladat/launch/int_szam_mod_feladat_fixed_frame.launch.py
/home/user/int_szam_mod/install/int_szam_mod_feladat/share/int_szam_mod_feladat/rviz/turtle_rviz.rviz
/home/user/int_szam_mod/install/int_szam_mod_feladat/lib/python3.8/site-packages/int_szam_mod_feladat-0.3.0-py3.8.egg-info/PKG-INFO
/home/user/int_szam_mod/install/int_szam_mod_feladat/lib/python3.8/site-packages/int_szam_mod_feladat-0.3.0-py3.8.egg-info/zip-safe
/home/user/int_szam_mod/install/int_szam_mod_feladat/lib/python3.8/site-packages/int_szam_mod_feladat-0.3.0-py3.8.egg-info/dependency_links.txt
/home/user/int_szam_mod/install/int_szam_mod_feladat/lib/python3.8/site-packages/int_szam_mod_feladat-0.3.0-py3.8.egg-info/SOURCES.txt
/home/user/int_szam_mod/install/int_szam_mod_feladat/lib/python3.8/site-packages/int_szam_mod_feladat-0.3.0-py3.8.egg-info/top_level.txt
/home/user/int_szam_mod/install/int_szam_mod_feladat/lib/python3.8/site-packages/int_szam_mod_feladat-0.3.0-py3.8.egg-info/requires.txt
/home/user/int_szam_mod/install/int_szam_mod_feladat/lib/python3.8/site-packages/int_szam_mod_feladat-0.3.0-py3.8.egg-info/entry_points.txt
/home/user/int_szam_mod/install/int_szam_mod_feladat/lib/int_szam_mod_feladat/dynamic_frame_tf2_broadcaster
/home/user/int_szam_mod/install/int_szam_mod_feladat/lib/int_szam_mod_feladat/fixed_frame_tf2_broadcaster
/home/user/int_szam_mod/install/int_szam_mod_feladat/lib/int_szam_mod_feladat/int_szam_mod_feladat_broadcaster
/home/user/int_szam_mod/install/int_szam_mod_feladat/lib/int_szam_mod_feladat/int_szam_mod_feladat_listener
/home/user/int_szam_mod/install/int_szam_mod_feladat/lib/int_szam_mod_feladat/int_szam_mod_feladat_message_broadcaster
/home/user/int_szam_mod/install/int_szam_mod_feladat/lib/int_szam_mod_feladat/static_int_szam_mod_feladat_broadcaster
