running egg_info
writing ../../build/turtle_tf2_py/turtle_tf2_py.egg-info/PKG-INFO
writing dependency_links to ../../build/turtle_tf2_py/turtle_tf2_py.egg-info/dependency_links.txt
writing entry points to ../../build/turtle_tf2_py/turtle_tf2_py.egg-info/entry_points.txt
writing requirements to ../../build/turtle_tf2_py/turtle_tf2_py.egg-info/requires.txt
writing top-level names to ../../build/turtle_tf2_py/turtle_tf2_py.egg-info/top_level.txt
reading manifest file '../../build/turtle_tf2_py/turtle_tf2_py.egg-info/SOURCES.txt'
writing manifest file '../../build/turtle_tf2_py/turtle_tf2_py.egg-info/SOURCES.txt'
running build
running build_py
running install
running install_lib
running install_data
running install_egg_info
removing '/home/user/int_szam_mod/install/turtle_tf2_py/lib/python3.8/site-packages/turtle_tf2_py-0.3.0-py3.8.egg-info' (and everything under it)
Copying ../../build/turtle_tf2_py/turtle_tf2_py.egg-info to /home/user/int_szam_mod/install/turtle_tf2_py/lib/python3.8/site-packages/turtle_tf2_py-0.3.0-py3.8.egg-info
running install_scripts
Installing dynamic_frame_tf2_broadcaster script to /home/user/int_szam_mod/install/turtle_tf2_py/lib/turtle_tf2_py
Installing fixed_frame_tf2_broadcaster script to /home/user/int_szam_mod/install/turtle_tf2_py/lib/turtle_tf2_py
Installing static_turtle_tf2_broadcaster script to /home/user/int_szam_mod/install/turtle_tf2_py/lib/turtle_tf2_py
Installing turtle_tf2_broadcaster script to /home/user/int_szam_mod/install/turtle_tf2_py/lib/turtle_tf2_py
Installing turtle_tf2_listener script to /home/user/int_szam_mod/install/turtle_tf2_py/lib/turtle_tf2_py
Installing turtle_tf2_message_broadcaster script to /home/user/int_szam_mod/install/turtle_tf2_py/lib/turtle_tf2_py
writing list of installed files to '/home/user/int_szam_mod/build/turtle_tf2_py/install.log'
