[0.221s] DEBUG:colcon:Command line arguments: ['/usr/bin/colcon', 'build']
[0.221s] DEBUG:colcon:Parsed command line arguments: Namespace(ament_cmake_args=None, base_paths=['.'], build_base='build', catkin_cmake_args=None, catkin_skip_building_tests=False, cmake_args=None, cmake_clean_cache=False, cmake_clean_first=False, cmake_force_configure=False, cmake_target=None, cmake_target_skip_unavailable=False, continue_on_error=False, event_handlers=None, executor='parallel', ignore_user_meta=False, install_base='install', log_base=None, log_level=None, main=<bound method BuildVerb.main of <colcon_core.verb.build.BuildVerb object at 0x7f3abe2daac0>>, merge_install=False, metas=['./colcon.meta'], packages_above=None, packages_above_and_dependencies=None, packages_above_depth=None, packages_end=None, packages_ignore=None, packages_ignore_regex=None, packages_select=None, packages_select_build_failed=False, packages_select_by_dep=None, packages_select_regex=None, packages_select_test_failures=False, packages_skip=None, packages_skip_build_finished=False, packages_skip_by_dep=None, packages_skip_regex=None, packages_skip_test_passed=False, packages_skip_up_to=None, packages_start=None, packages_up_to=None, packages_up_to_regex=None, parallel_workers=6, paths=None, symlink_install=False, test_result_base=None, verb_extension=<colcon_core.verb.build.BuildVerb object at 0x7f3abe2daac0>, verb_name='build', verb_parser=<colcon_defaults.argument_parser.defaults.DefaultArgumentsDecorator object at 0x7f3abe2e8070>)
[0.225s] Level 1:colcon.colcon_core.package_discovery:discover_packages(colcon_meta) check parameters
[0.226s] Level 1:colcon.colcon_core.package_discovery:discover_packages(recursive) check parameters
[0.226s] Level 1:colcon.colcon_core.package_discovery:discover_packages(ignore) check parameters
[0.226s] Level 1:colcon.colcon_core.package_discovery:discover_packages(path) check parameters
[0.226s] Level 1:colcon.colcon_core.package_discovery:discover_packages(colcon_meta) discover
[0.226s] Level 1:colcon.colcon_core.package_discovery:discover_packages(recursive) discover
[0.226s] INFO:colcon.colcon_core.package_discovery:Crawling recursively for packages in '/home/user/int_szam_mod'
[0.226s] Level 1:colcon.colcon_core.package_identification:_identify(.) by extensions ['ignore', 'ignore_ament_install']
[0.226s] Level 1:colcon.colcon_core.package_identification:_identify(.) by extension 'ignore'
[0.226s] Level 1:colcon.colcon_core.package_identification:_identify(.) by extension 'ignore_ament_install'
[0.226s] Level 1:colcon.colcon_core.package_identification:_identify(.) by extensions ['colcon_pkg']
[0.226s] Level 1:colcon.colcon_core.package_identification:_identify(.) by extension 'colcon_pkg'
[0.227s] Level 1:colcon.colcon_core.package_identification:_identify(.) by extensions ['colcon_meta']
[0.227s] Level 1:colcon.colcon_core.package_identification:_identify(.) by extension 'colcon_meta'
[0.227s] Level 1:colcon.colcon_core.package_identification:_identify(.) by extensions ['ros']
[0.227s] Level 1:colcon.colcon_core.package_identification:_identify(.) by extension 'ros'
[0.236s] Level 1:colcon.colcon_core.package_identification:_identify(.) by extensions ['cmake', 'python']
[0.236s] Level 1:colcon.colcon_core.package_identification:_identify(.) by extension 'cmake'
[0.236s] Level 1:colcon.colcon_core.package_identification:_identify(.) by extension 'python'
[0.236s] Level 1:colcon.colcon_core.package_identification:_identify(.) by extensions ['python_setup_py']
[0.236s] Level 1:colcon.colcon_core.package_identification:_identify(.) by extension 'python_setup_py'
[0.237s] Level 1:colcon.colcon_core.package_identification:_identify(build) by extensions ['ignore', 'ignore_ament_install']
[0.237s] Level 1:colcon.colcon_core.package_identification:_identify(build) by extension 'ignore'
[0.237s] Level 1:colcon.colcon_core.package_identification:_identify(build) ignored
[0.237s] Level 1:colcon.colcon_core.package_identification:_identify(geometry_tutorials) by extensions ['ignore', 'ignore_ament_install']
[0.237s] Level 1:colcon.colcon_core.package_identification:_identify(geometry_tutorials) by extension 'ignore'
[0.237s] Level 1:colcon.colcon_core.package_identification:_identify(geometry_tutorials) by extension 'ignore_ament_install'
[0.238s] Level 1:colcon.colcon_core.package_identification:_identify(geometry_tutorials) by extensions ['colcon_pkg']
[0.238s] Level 1:colcon.colcon_core.package_identification:_identify(geometry_tutorials) by extension 'colcon_pkg'
[0.238s] Level 1:colcon.colcon_core.package_identification:_identify(geometry_tutorials) by extensions ['colcon_meta']
[0.238s] Level 1:colcon.colcon_core.package_identification:_identify(geometry_tutorials) by extension 'colcon_meta'
[0.238s] Level 1:colcon.colcon_core.package_identification:_identify(geometry_tutorials) by extensions ['ros']
[0.238s] Level 1:colcon.colcon_core.package_identification:_identify(geometry_tutorials) by extension 'ros'
[0.238s] Level 1:colcon.colcon_core.package_identification:_identify(geometry_tutorials) by extensions ['cmake', 'python']
[0.238s] Level 1:colcon.colcon_core.package_identification:_identify(geometry_tutorials) by extension 'cmake'
[0.238s] Level 1:colcon.colcon_core.package_identification:_identify(geometry_tutorials) by extension 'python'
[0.238s] Level 1:colcon.colcon_core.package_identification:_identify(geometry_tutorials) by extensions ['python_setup_py']
[0.238s] Level 1:colcon.colcon_core.package_identification:_identify(geometry_tutorials) by extension 'python_setup_py'
[0.238s] Level 1:colcon.colcon_core.package_identification:_identify(geometry_tutorials/geometry_tutorials) by extensions ['ignore', 'ignore_ament_install']
[0.238s] Level 1:colcon.colcon_core.package_identification:_identify(geometry_tutorials/geometry_tutorials) by extension 'ignore'
[0.238s] Level 1:colcon.colcon_core.package_identification:_identify(geometry_tutorials/geometry_tutorials) by extension 'ignore_ament_install'
[0.239s] Level 1:colcon.colcon_core.package_identification:_identify(geometry_tutorials/geometry_tutorials) by extensions ['colcon_pkg']
[0.239s] Level 1:colcon.colcon_core.package_identification:_identify(geometry_tutorials/geometry_tutorials) by extension 'colcon_pkg'
[0.239s] Level 1:colcon.colcon_core.package_identification:_identify(geometry_tutorials/geometry_tutorials) by extensions ['colcon_meta']
[0.239s] Level 1:colcon.colcon_core.package_identification:_identify(geometry_tutorials/geometry_tutorials) by extension 'colcon_meta'
[0.239s] Level 1:colcon.colcon_core.package_identification:_identify(geometry_tutorials/geometry_tutorials) by extensions ['ros']
[0.239s] Level 1:colcon.colcon_core.package_identification:_identify(geometry_tutorials/geometry_tutorials) by extension 'ros'
[0.241s] DEBUG:colcon.colcon_core.package_identification:Package 'geometry_tutorials/geometry_tutorials' with type 'ros.ament_cmake' and name 'geometry_tutorials'
[0.241s] Level 1:colcon.colcon_core.package_identification:_identify(geometry_tutorials/turtle_tf2_cpp) by extensions ['ignore', 'ignore_ament_install']
[0.241s] Level 1:colcon.colcon_core.package_identification:_identify(geometry_tutorials/turtle_tf2_cpp) by extension 'ignore'
[0.242s] Level 1:colcon.colcon_core.package_identification:_identify(geometry_tutorials/turtle_tf2_cpp) by extension 'ignore_ament_install'
[0.242s] Level 1:colcon.colcon_core.package_identification:_identify(geometry_tutorials/turtle_tf2_cpp) by extensions ['colcon_pkg']
[0.242s] Level 1:colcon.colcon_core.package_identification:_identify(geometry_tutorials/turtle_tf2_cpp) by extension 'colcon_pkg'
[0.242s] Level 1:colcon.colcon_core.package_identification:_identify(geometry_tutorials/turtle_tf2_cpp) by extensions ['colcon_meta']
[0.242s] Level 1:colcon.colcon_core.package_identification:_identify(geometry_tutorials/turtle_tf2_cpp) by extension 'colcon_meta'
[0.242s] Level 1:colcon.colcon_core.package_identification:_identify(geometry_tutorials/turtle_tf2_cpp) by extensions ['ros']
[0.242s] Level 1:colcon.colcon_core.package_identification:_identify(geometry_tutorials/turtle_tf2_cpp) by extension 'ros'
[0.243s] DEBUG:colcon.colcon_core.package_identification:Package 'geometry_tutorials/turtle_tf2_cpp' with type 'ros.ament_cmake' and name 'turtle_tf2_cpp'
[0.243s] Level 1:colcon.colcon_core.package_identification:_identify(geometry_tutorials/turtle_tf2_py) by extensions ['ignore', 'ignore_ament_install']
[0.243s] Level 1:colcon.colcon_core.package_identification:_identify(geometry_tutorials/turtle_tf2_py) by extension 'ignore'
[0.243s] Level 1:colcon.colcon_core.package_identification:_identify(geometry_tutorials/turtle_tf2_py) by extension 'ignore_ament_install'
[0.244s] Level 1:colcon.colcon_core.package_identification:_identify(geometry_tutorials/turtle_tf2_py) by extensions ['colcon_pkg']
[0.244s] Level 1:colcon.colcon_core.package_identification:_identify(geometry_tutorials/turtle_tf2_py) by extension 'colcon_pkg'
[0.244s] Level 1:colcon.colcon_core.package_identification:_identify(geometry_tutorials/turtle_tf2_py) by extensions ['colcon_meta']
[0.244s] Level 1:colcon.colcon_core.package_identification:_identify(geometry_tutorials/turtle_tf2_py) by extension 'colcon_meta'
[0.244s] Level 1:colcon.colcon_core.package_identification:_identify(geometry_tutorials/turtle_tf2_py) by extensions ['ros']
[0.244s] Level 1:colcon.colcon_core.package_identification:_identify(geometry_tutorials/turtle_tf2_py) by extension 'ros'
[0.244s] DEBUG:colcon.colcon_core.package_identification:Package 'geometry_tutorials/turtle_tf2_py' with type 'ros.ament_python' and name 'turtle_tf2_py'
[0.245s] Level 1:colcon.colcon_core.package_identification:_identify(install) by extensions ['ignore', 'ignore_ament_install']
[0.245s] Level 1:colcon.colcon_core.package_identification:_identify(install) by extension 'ignore'
[0.245s] Level 1:colcon.colcon_core.package_identification:_identify(install) ignored
[0.245s] Level 1:colcon.colcon_core.package_identification:_identify(log) by extensions ['ignore', 'ignore_ament_install']
[0.245s] Level 1:colcon.colcon_core.package_identification:_identify(log) by extension 'ignore'
[0.245s] Level 1:colcon.colcon_core.package_identification:_identify(log) ignored
[0.245s] Level 1:colcon.colcon_core.package_discovery:discover_packages(recursive) using defaults
[0.246s] Level 1:colcon.colcon_core.package_discovery:discover_packages(ignore) discover
[0.246s] Level 1:colcon.colcon_core.package_discovery:discover_packages(ignore) using defaults
[0.246s] Level 1:colcon.colcon_core.package_discovery:discover_packages(path) discover
[0.246s] Level 1:colcon.colcon_core.package_discovery:discover_packages(path) using defaults
[0.260s] Level 5:colcon.colcon_core.verb:set package 'geometry_tutorials' build argument 'cmake_args' from command line to 'None'
[0.260s] Level 5:colcon.colcon_core.verb:set package 'geometry_tutorials' build argument 'cmake_target' from command line to 'None'
[0.261s] Level 5:colcon.colcon_core.verb:set package 'geometry_tutorials' build argument 'cmake_target_skip_unavailable' from command line to 'False'
[0.261s] Level 5:colcon.colcon_core.verb:set package 'geometry_tutorials' build argument 'cmake_clean_cache' from command line to 'False'
[0.261s] Level 5:colcon.colcon_core.verb:set package 'geometry_tutorials' build argument 'cmake_clean_first' from command line to 'False'
[0.261s] Level 5:colcon.colcon_core.verb:set package 'geometry_tutorials' build argument 'cmake_force_configure' from command line to 'False'
[0.261s] Level 5:colcon.colcon_core.verb:set package 'geometry_tutorials' build argument 'ament_cmake_args' from command line to 'None'
[0.261s] Level 5:colcon.colcon_core.verb:set package 'geometry_tutorials' build argument 'catkin_cmake_args' from command line to 'None'
[0.261s] Level 5:colcon.colcon_core.verb:set package 'geometry_tutorials' build argument 'catkin_skip_building_tests' from command line to 'False'
[0.261s] DEBUG:colcon.colcon_core.verb:Building package 'geometry_tutorials' with the following arguments: {'ament_cmake_args': None, 'build_base': '/home/user/int_szam_mod/build/geometry_tutorials', 'catkin_cmake_args': None, 'catkin_skip_building_tests': False, 'cmake_args': None, 'cmake_clean_cache': False, 'cmake_clean_first': False, 'cmake_force_configure': False, 'cmake_target': None, 'cmake_target_skip_unavailable': False, 'install_base': '/home/user/int_szam_mod/install/geometry_tutorials', 'merge_install': False, 'path': '/home/user/int_szam_mod/geometry_tutorials/geometry_tutorials', 'symlink_install': False, 'test_result_base': None}
[0.263s] Level 5:colcon.colcon_core.verb:set package 'turtle_tf2_cpp' build argument 'cmake_args' from command line to 'None'
[0.263s] Level 5:colcon.colcon_core.verb:set package 'turtle_tf2_cpp' build argument 'cmake_target' from command line to 'None'
[0.263s] Level 5:colcon.colcon_core.verb:set package 'turtle_tf2_cpp' build argument 'cmake_target_skip_unavailable' from command line to 'False'
[0.263s] Level 5:colcon.colcon_core.verb:set package 'turtle_tf2_cpp' build argument 'cmake_clean_cache' from command line to 'False'
[0.263s] Level 5:colcon.colcon_core.verb:set package 'turtle_tf2_cpp' build argument 'cmake_clean_first' from command line to 'False'
[0.263s] Level 5:colcon.colcon_core.verb:set package 'turtle_tf2_cpp' build argument 'cmake_force_configure' from command line to 'False'
[0.263s] Level 5:colcon.colcon_core.verb:set package 'turtle_tf2_cpp' build argument 'ament_cmake_args' from command line to 'None'
[0.263s] Level 5:colcon.colcon_core.verb:set package 'turtle_tf2_cpp' build argument 'catkin_cmake_args' from command line to 'None'
[0.263s] Level 5:colcon.colcon_core.verb:set package 'turtle_tf2_cpp' build argument 'catkin_skip_building_tests' from command line to 'False'
[0.263s] DEBUG:colcon.colcon_core.verb:Building package 'turtle_tf2_cpp' with the following arguments: {'ament_cmake_args': None, 'build_base': '/home/user/int_szam_mod/build/turtle_tf2_cpp', 'catkin_cmake_args': None, 'catkin_skip_building_tests': False, 'cmake_args': None, 'cmake_clean_cache': False, 'cmake_clean_first': False, 'cmake_force_configure': False, 'cmake_target': None, 'cmake_target_skip_unavailable': False, 'install_base': '/home/user/int_szam_mod/install/turtle_tf2_cpp', 'merge_install': False, 'path': '/home/user/int_szam_mod/geometry_tutorials/turtle_tf2_cpp', 'symlink_install': False, 'test_result_base': None}
[0.265s] Level 5:colcon.colcon_core.verb:set package 'turtle_tf2_py' build argument 'cmake_args' from command line to 'None'
[0.267s] Level 5:colcon.colcon_core.verb:set package 'turtle_tf2_py' build argument 'cmake_target' from command line to 'None'
[0.267s] Level 5:colcon.colcon_core.verb:set package 'turtle_tf2_py' build argument 'cmake_target_skip_unavailable' from command line to 'False'
[0.268s] Level 5:colcon.colcon_core.verb:set package 'turtle_tf2_py' build argument 'cmake_clean_cache' from command line to 'False'
[0.268s] Level 5:colcon.colcon_core.verb:set package 'turtle_tf2_py' build argument 'cmake_clean_first' from command line to 'False'
[0.268s] Level 5:colcon.colcon_core.verb:set package 'turtle_tf2_py' build argument 'cmake_force_configure' from command line to 'False'
[0.268s] Level 5:colcon.colcon_core.verb:set package 'turtle_tf2_py' build argument 'ament_cmake_args' from command line to 'None'
[0.268s] Level 5:colcon.colcon_core.verb:set package 'turtle_tf2_py' build argument 'catkin_cmake_args' from command line to 'None'
[0.268s] Level 5:colcon.colcon_core.verb:set package 'turtle_tf2_py' build argument 'catkin_skip_building_tests' from command line to 'False'
[0.268s] DEBUG:colcon.colcon_core.verb:Building package 'turtle_tf2_py' with the following arguments: {'ament_cmake_args': None, 'build_base': '/home/user/int_szam_mod/build/turtle_tf2_py', 'catkin_cmake_args': None, 'catkin_skip_building_tests': False, 'cmake_args': None, 'cmake_clean_cache': False, 'cmake_clean_first': False, 'cmake_force_configure': False, 'cmake_target': None, 'cmake_target_skip_unavailable': False, 'install_base': '/home/user/int_szam_mod/install/turtle_tf2_py', 'merge_install': False, 'path': '/home/user/int_szam_mod/geometry_tutorials/turtle_tf2_py', 'symlink_install': False, 'test_result_base': None}
[0.268s] INFO:colcon.colcon_core.executor:Executing jobs using 'parallel' executor
[0.271s] DEBUG:colcon.colcon_parallel_executor.executor.parallel:run_until_complete
[0.271s] INFO:colcon.colcon_ros.task.ament_cmake.build:Building ROS package in '/home/user/int_szam_mod/geometry_tutorials/geometry_tutorials' with build type 'ament_cmake'
[0.271s] INFO:colcon.colcon_cmake.task.cmake.build:Building CMake package in '/home/user/int_szam_mod/geometry_tutorials/geometry_tutorials'
[0.276s] INFO:colcon.colcon_core.plugin_system:Skipping extension 'colcon_core.shell.bat': Not used on non-Windows systems
[0.276s] INFO:colcon.colcon_core.shell:Skip shell extension 'powershell' for command environment: Not usable outside of PowerShell
[0.276s] DEBUG:colcon.colcon_core.shell:Skip shell extension 'dsv' for command environment
[0.278s] DEBUG:colcon.colcon_core.shell:Ignoring prefix path '/opt/ros/foxy'
[0.282s] INFO:colcon.colcon_ros.task.ament_cmake.build:Building ROS package in '/home/user/int_szam_mod/geometry_tutorials/turtle_tf2_cpp' with build type 'ament_cmake'
[0.285s] INFO:colcon.colcon_cmake.task.cmake.build:Building CMake package in '/home/user/int_szam_mod/geometry_tutorials/turtle_tf2_cpp'
[0.287s] INFO:colcon.colcon_core.shell:Skip shell extension 'powershell' for command environment: Not usable outside of PowerShell
[0.287s] DEBUG:colcon.colcon_core.shell:Skip shell extension 'dsv' for command environment
[0.288s] DEBUG:colcon.colcon_core.shell:Ignoring prefix path '/opt/ros/foxy'
[0.290s] INFO:colcon.colcon_ros.task.ament_python.build:Building ROS package in '/home/user/int_szam_mod/geometry_tutorials/turtle_tf2_py' with build type 'ament_python'
[0.292s] Level 1:colcon.colcon_core.shell:create_environment_hook('turtle_tf2_py', 'ament_prefix_path')
[0.292s] INFO:colcon.colcon_core.shell:Creating environment hook '/home/user/int_szam_mod/install/turtle_tf2_py/share/turtle_tf2_py/hook/ament_prefix_path.ps1'
[0.293s] INFO:colcon.colcon_core.shell:Creating environment descriptor '/home/user/int_szam_mod/install/turtle_tf2_py/share/turtle_tf2_py/hook/ament_prefix_path.dsv'
[0.295s] INFO:colcon.colcon_core.shell:Creating environment hook '/home/user/int_szam_mod/install/turtle_tf2_py/share/turtle_tf2_py/hook/ament_prefix_path.sh'
[0.296s] INFO:colcon.colcon_core.shell:Skip shell extension 'powershell' for command environment: Not usable outside of PowerShell
[0.296s] DEBUG:colcon.colcon_core.shell:Skip shell extension 'dsv' for command environment
[0.297s] DEBUG:colcon.colcon_core.shell:Ignoring prefix path '/opt/ros/foxy'
[0.315s] DEBUG:colcon.colcon_core.event_handler.log_command:Invoking command in '/home/user/int_szam_mod/build/geometry_tutorials': CMAKE_PREFIX_PATH=/opt/ros/foxy /usr/bin/cmake --build /home/user/int_szam_mod/build/geometry_tutorials -- -j6 -l6
[0.328s] DEBUG:colcon.colcon_core.event_handler.log_command:Invoking command in '/home/user/int_szam_mod/build/turtle_tf2_cpp': CMAKE_PREFIX_PATH=/opt/ros/foxy /usr/bin/cmake --build /home/user/int_szam_mod/build/turtle_tf2_cpp -- -j6 -l6
[0.520s] INFO:colcon.colcon_core.task.python.build:Building Python package in '/home/user/int_szam_mod/geometry_tutorials/turtle_tf2_py'
[0.521s] INFO:colcon.colcon_core.shell:Skip shell extension 'powershell' for command environment: Not usable outside of PowerShell
[0.521s] DEBUG:colcon.colcon_core.shell:Skip shell extension 'dsv' for command environment
[0.522s] DEBUG:colcon.colcon_core.shell:Ignoring prefix path '/opt/ros/foxy'
[0.539s] DEBUG:colcon.colcon_core.event_handler.log_command:Invoked command in '/home/user/int_szam_mod/build/geometry_tutorials' returned '0': CMAKE_PREFIX_PATH=/opt/ros/foxy /usr/bin/cmake --build /home/user/int_szam_mod/build/geometry_tutorials -- -j6 -l6
[0.541s] DEBUG:colcon.colcon_core.event_handler.log_command:Invoked command in '/home/user/int_szam_mod/build/turtle_tf2_cpp' returned '0': CMAKE_PREFIX_PATH=/opt/ros/foxy /usr/bin/cmake --build /home/user/int_szam_mod/build/turtle_tf2_cpp -- -j6 -l6
[0.551s] DEBUG:colcon.colcon_core.event_handler.log_command:Invoking command in '/home/user/int_szam_mod/geometry_tutorials/turtle_tf2_py': PYTHONPATH=/home/user/int_szam_mod/install/turtle_tf2_py/lib/python3.8/site-packages:${PYTHONPATH} /usr/bin/python3 setup.py egg_info --egg-base ../../build/turtle_tf2_py build --build-base /home/user/int_szam_mod/build/turtle_tf2_py/build install --prefix /home/user/int_szam_mod/install/turtle_tf2_py --record /home/user/int_szam_mod/build/turtle_tf2_py/install.log --single-version-externally-managed
[0.576s] DEBUG:colcon.colcon_core.event_handler.log_command:Invoking command in '/home/user/int_szam_mod/build/geometry_tutorials': CMAKE_PREFIX_PATH=/opt/ros/foxy /usr/bin/cmake --install /home/user/int_szam_mod/build/geometry_tutorials
[0.601s] Level 1:colcon.colcon_core.environment:create_environment_scripts_only(geometry_tutorials)
[0.615s] Level 1:colcon.colcon_core.environment:checking '/home/user/int_szam_mod/install/geometry_tutorials' for CMake module files
[0.619s] DEBUG:colcon.colcon_core.event_handler.log_command:Invoking command in '/home/user/int_szam_mod/build/turtle_tf2_cpp': CMAKE_PREFIX_PATH=/opt/ros/foxy /usr/bin/cmake --install /home/user/int_szam_mod/build/turtle_tf2_cpp
[0.620s] DEBUG:colcon.colcon_core.event_handler.log_command:Invoked command in '/home/user/int_szam_mod/build/geometry_tutorials' returned '0': CMAKE_PREFIX_PATH=/opt/ros/foxy /usr/bin/cmake --install /home/user/int_szam_mod/build/geometry_tutorials
[0.627s] Level 1:colcon.colcon_core.environment:checking '/home/user/int_szam_mod/install/geometry_tutorials' for CMake config files
[0.630s] Level 1:colcon.colcon_core.shell:create_environment_hook('geometry_tutorials', 'cmake_prefix_path')
[0.632s] INFO:colcon.colcon_core.shell:Creating environment hook '/home/user/int_szam_mod/install/geometry_tutorials/share/geometry_tutorials/hook/cmake_prefix_path.ps1'
[0.638s] INFO:colcon.colcon_core.shell:Creating environment descriptor '/home/user/int_szam_mod/install/geometry_tutorials/share/geometry_tutorials/hook/cmake_prefix_path.dsv'
[0.639s] INFO:colcon.colcon_core.shell:Creating environment hook '/home/user/int_szam_mod/install/geometry_tutorials/share/geometry_tutorials/hook/cmake_prefix_path.sh'
[0.639s] Level 1:colcon.colcon_core.environment:checking '/home/user/int_szam_mod/install/geometry_tutorials/bin'
[0.640s] Level 1:colcon.colcon_core.environment:checking '/home/user/int_szam_mod/install/geometry_tutorials/lib/pkgconfig/geometry_tutorials.pc'
[0.640s] Level 1:colcon.colcon_core.environment:checking '/home/user/int_szam_mod/install/geometry_tutorials/lib/python3.8/site-packages'
[0.640s] INFO:colcon.colcon_core.shell:Creating package script '/home/user/int_szam_mod/install/geometry_tutorials/share/geometry_tutorials/package.ps1'
[0.641s] INFO:colcon.colcon_core.shell:Creating package descriptor '/home/user/int_szam_mod/install/geometry_tutorials/share/geometry_tutorials/package.dsv'
[0.642s] INFO:colcon.colcon_core.shell:Creating package script '/home/user/int_szam_mod/install/geometry_tutorials/share/geometry_tutorials/package.sh'
[0.643s] INFO:colcon.colcon_core.shell:Creating package script '/home/user/int_szam_mod/install/geometry_tutorials/share/geometry_tutorials/package.bash'
[0.644s] INFO:colcon.colcon_core.shell:Creating package script '/home/user/int_szam_mod/install/geometry_tutorials/share/geometry_tutorials/package.zsh'
[0.644s] Level 1:colcon.colcon_core.environment:create_file_with_runtime_dependencies(/home/user/int_szam_mod/install/geometry_tutorials/share/colcon-core/packages/geometry_tutorials)
[0.649s] Level 1:colcon.colcon_core.environment:create_environment_scripts_only(turtle_tf2_cpp)
[0.650s] DEBUG:colcon.colcon_core.event_handler.log_command:Invoked command in '/home/user/int_szam_mod/build/turtle_tf2_cpp' returned '0': CMAKE_PREFIX_PATH=/opt/ros/foxy /usr/bin/cmake --install /home/user/int_szam_mod/build/turtle_tf2_cpp
[0.651s] Level 1:colcon.colcon_core.environment:checking '/home/user/int_szam_mod/install/turtle_tf2_cpp' for CMake module files
[0.652s] Level 1:colcon.colcon_core.environment:checking '/home/user/int_szam_mod/install/turtle_tf2_cpp' for CMake config files
[0.652s] Level 1:colcon.colcon_core.shell:create_environment_hook('turtle_tf2_cpp', 'cmake_prefix_path')
[0.652s] INFO:colcon.colcon_core.shell:Creating environment hook '/home/user/int_szam_mod/install/turtle_tf2_cpp/share/turtle_tf2_cpp/hook/cmake_prefix_path.ps1'
[0.653s] INFO:colcon.colcon_core.shell:Creating environment descriptor '/home/user/int_szam_mod/install/turtle_tf2_cpp/share/turtle_tf2_cpp/hook/cmake_prefix_path.dsv'
[0.656s] INFO:colcon.colcon_core.shell:Creating environment hook '/home/user/int_szam_mod/install/turtle_tf2_cpp/share/turtle_tf2_cpp/hook/cmake_prefix_path.sh'
[0.657s] Level 1:colcon.colcon_core.environment:checking '/home/user/int_szam_mod/install/turtle_tf2_cpp/lib'
[0.658s] Level 1:colcon.colcon_core.environment:checking '/home/user/int_szam_mod/install/turtle_tf2_cpp/bin'
[0.658s] Level 1:colcon.colcon_core.environment:checking '/home/user/int_szam_mod/install/turtle_tf2_cpp/lib/pkgconfig/turtle_tf2_cpp.pc'
[0.659s] Level 1:colcon.colcon_core.environment:checking '/home/user/int_szam_mod/install/turtle_tf2_cpp/lib/python3.8/site-packages'
[0.659s] INFO:colcon.colcon_core.shell:Creating package script '/home/user/int_szam_mod/install/turtle_tf2_cpp/share/turtle_tf2_cpp/package.ps1'
[0.660s] INFO:colcon.colcon_core.shell:Creating package descriptor '/home/user/int_szam_mod/install/turtle_tf2_cpp/share/turtle_tf2_cpp/package.dsv'
[0.660s] INFO:colcon.colcon_core.shell:Creating package script '/home/user/int_szam_mod/install/turtle_tf2_cpp/share/turtle_tf2_cpp/package.sh'
[0.661s] INFO:colcon.colcon_core.shell:Creating package script '/home/user/int_szam_mod/install/turtle_tf2_cpp/share/turtle_tf2_cpp/package.bash'
[0.661s] INFO:colcon.colcon_core.shell:Creating package script '/home/user/int_szam_mod/install/turtle_tf2_cpp/share/turtle_tf2_cpp/package.zsh'
[0.662s] Level 1:colcon.colcon_core.environment:create_file_with_runtime_dependencies(/home/user/int_szam_mod/install/turtle_tf2_cpp/share/colcon-core/packages/turtle_tf2_cpp)
[0.672s] Level 1:colcon.colcon_core.environment:create_environment_scripts_only(geometry_tutorials)
[0.674s] Level 1:colcon.colcon_core.environment:checking '/home/user/int_szam_mod/install/geometry_tutorials' for CMake module files
[0.675s] Level 1:colcon.colcon_core.environment:checking '/home/user/int_szam_mod/install/geometry_tutorials' for CMake config files
[0.675s] Level 1:colcon.colcon_core.shell:create_environment_hook('geometry_tutorials', 'cmake_prefix_path')
[0.676s] INFO:colcon.colcon_core.shell:Creating environment hook '/home/user/int_szam_mod/install/geometry_tutorials/share/geometry_tutorials/hook/cmake_prefix_path.ps1'
[0.676s] INFO:colcon.colcon_core.shell:Creating environment descriptor '/home/user/int_szam_mod/install/geometry_tutorials/share/geometry_tutorials/hook/cmake_prefix_path.dsv'
[0.677s] INFO:colcon.colcon_core.shell:Creating environment hook '/home/user/int_szam_mod/install/geometry_tutorials/share/geometry_tutorials/hook/cmake_prefix_path.sh'
[0.678s] Level 1:colcon.colcon_core.environment:checking '/home/user/int_szam_mod/install/geometry_tutorials/bin'
[0.678s] Level 1:colcon.colcon_core.environment:checking '/home/user/int_szam_mod/install/geometry_tutorials/lib/pkgconfig/geometry_tutorials.pc'
[0.678s] Level 1:colcon.colcon_core.environment:checking '/home/user/int_szam_mod/install/geometry_tutorials/lib/python3.8/site-packages'
[0.678s] INFO:colcon.colcon_core.shell:Creating package script '/home/user/int_szam_mod/install/geometry_tutorials/share/geometry_tutorials/package.ps1'
[0.679s] INFO:colcon.colcon_core.shell:Creating package descriptor '/home/user/int_szam_mod/install/geometry_tutorials/share/geometry_tutorials/package.dsv'
[0.679s] INFO:colcon.colcon_core.shell:Creating package script '/home/user/int_szam_mod/install/geometry_tutorials/share/geometry_tutorials/package.sh'
[0.680s] INFO:colcon.colcon_core.shell:Creating package script '/home/user/int_szam_mod/install/geometry_tutorials/share/geometry_tutorials/package.bash'
[0.681s] INFO:colcon.colcon_core.shell:Creating package script '/home/user/int_szam_mod/install/geometry_tutorials/share/geometry_tutorials/package.zsh'
[0.684s] Level 1:colcon.colcon_core.environment:create_file_with_runtime_dependencies(/home/user/int_szam_mod/install/geometry_tutorials/share/colcon-core/packages/geometry_tutorials)
[0.723s] Level 1:colcon.colcon_core.environment:create_environment_scripts_only(turtle_tf2_cpp)
[0.723s] Level 1:colcon.colcon_core.environment:checking '/home/user/int_szam_mod/install/turtle_tf2_cpp' for CMake module files
[0.726s] Level 1:colcon.colcon_core.environment:checking '/home/user/int_szam_mod/install/turtle_tf2_cpp' for CMake config files
[0.726s] Level 1:colcon.colcon_core.shell:create_environment_hook('turtle_tf2_cpp', 'cmake_prefix_path')
[0.727s] INFO:colcon.colcon_core.shell:Creating environment hook '/home/user/int_szam_mod/install/turtle_tf2_cpp/share/turtle_tf2_cpp/hook/cmake_prefix_path.ps1'
[0.727s] INFO:colcon.colcon_core.shell:Creating environment descriptor '/home/user/int_szam_mod/install/turtle_tf2_cpp/share/turtle_tf2_cpp/hook/cmake_prefix_path.dsv'
[0.728s] INFO:colcon.colcon_core.shell:Creating environment hook '/home/user/int_szam_mod/install/turtle_tf2_cpp/share/turtle_tf2_cpp/hook/cmake_prefix_path.sh'
[0.728s] Level 1:colcon.colcon_core.environment:checking '/home/user/int_szam_mod/install/turtle_tf2_cpp/lib'
[0.729s] Level 1:colcon.colcon_core.environment:checking '/home/user/int_szam_mod/install/turtle_tf2_cpp/bin'
[0.729s] Level 1:colcon.colcon_core.environment:checking '/home/user/int_szam_mod/install/turtle_tf2_cpp/lib/pkgconfig/turtle_tf2_cpp.pc'
[0.729s] Level 1:colcon.colcon_core.environment:checking '/home/user/int_szam_mod/install/turtle_tf2_cpp/lib/python3.8/site-packages'
[0.729s] INFO:colcon.colcon_core.shell:Creating package script '/home/user/int_szam_mod/install/turtle_tf2_cpp/share/turtle_tf2_cpp/package.ps1'
[0.730s] INFO:colcon.colcon_core.shell:Creating package descriptor '/home/user/int_szam_mod/install/turtle_tf2_cpp/share/turtle_tf2_cpp/package.dsv'
[0.730s] INFO:colcon.colcon_core.shell:Creating package script '/home/user/int_szam_mod/install/turtle_tf2_cpp/share/turtle_tf2_cpp/package.sh'
[0.731s] INFO:colcon.colcon_core.shell:Creating package script '/home/user/int_szam_mod/install/turtle_tf2_cpp/share/turtle_tf2_cpp/package.bash'
[0.731s] INFO:colcon.colcon_core.shell:Creating package script '/home/user/int_szam_mod/install/turtle_tf2_cpp/share/turtle_tf2_cpp/package.zsh'
[0.732s] Level 1:colcon.colcon_core.environment:create_file_with_runtime_dependencies(/home/user/int_szam_mod/install/turtle_tf2_cpp/share/colcon-core/packages/turtle_tf2_cpp)
[0.820s] Level 1:colcon.colcon_core.environment:checking '/home/user/int_szam_mod/install/turtle_tf2_py' for CMake module files
[0.821s] DEBUG:colcon.colcon_core.event_handler.log_command:Invoked command in '/home/user/int_szam_mod/geometry_tutorials/turtle_tf2_py' returned '0': PYTHONPATH=/home/user/int_szam_mod/install/turtle_tf2_py/lib/python3.8/site-packages:${PYTHONPATH} /usr/bin/python3 setup.py egg_info --egg-base ../../build/turtle_tf2_py build --build-base /home/user/int_szam_mod/build/turtle_tf2_py/build install --prefix /home/user/int_szam_mod/install/turtle_tf2_py --record /home/user/int_szam_mod/build/turtle_tf2_py/install.log --single-version-externally-managed
[0.822s] Level 1:colcon.colcon_core.environment:checking '/home/user/int_szam_mod/install/turtle_tf2_py' for CMake config files
[0.822s] Level 1:colcon.colcon_core.environment:checking '/home/user/int_szam_mod/install/turtle_tf2_py/lib'
[0.823s] Level 1:colcon.colcon_core.environment:checking '/home/user/int_szam_mod/install/turtle_tf2_py/bin'
[0.823s] Level 1:colcon.colcon_core.environment:checking '/home/user/int_szam_mod/install/turtle_tf2_py/lib/pkgconfig/turtle_tf2_py.pc'
[0.823s] Level 1:colcon.colcon_core.environment:checking '/home/user/int_szam_mod/install/turtle_tf2_py/lib/python3.8/site-packages'
[0.823s] Level 1:colcon.colcon_core.shell:create_environment_hook('turtle_tf2_py', 'pythonpath')
[0.824s] INFO:colcon.colcon_core.shell:Creating environment hook '/home/user/int_szam_mod/install/turtle_tf2_py/share/turtle_tf2_py/hook/pythonpath.ps1'
[0.825s] INFO:colcon.colcon_core.shell:Creating environment descriptor '/home/user/int_szam_mod/install/turtle_tf2_py/share/turtle_tf2_py/hook/pythonpath.dsv'
[0.826s] INFO:colcon.colcon_core.shell:Creating environment hook '/home/user/int_szam_mod/install/turtle_tf2_py/share/turtle_tf2_py/hook/pythonpath.sh'
[0.827s] Level 1:colcon.colcon_core.environment:create_environment_scripts_only(turtle_tf2_py)
[0.827s] INFO:colcon.colcon_core.shell:Creating package script '/home/user/int_szam_mod/install/turtle_tf2_py/share/turtle_tf2_py/package.ps1'
[0.828s] INFO:colcon.colcon_core.shell:Creating package descriptor '/home/user/int_szam_mod/install/turtle_tf2_py/share/turtle_tf2_py/package.dsv'
[0.829s] INFO:colcon.colcon_core.shell:Creating package script '/home/user/int_szam_mod/install/turtle_tf2_py/share/turtle_tf2_py/package.sh'
[0.830s] INFO:colcon.colcon_core.shell:Creating package script '/home/user/int_szam_mod/install/turtle_tf2_py/share/turtle_tf2_py/package.bash'
[0.831s] INFO:colcon.colcon_core.shell:Creating package script '/home/user/int_szam_mod/install/turtle_tf2_py/share/turtle_tf2_py/package.zsh'
[0.832s] Level 1:colcon.colcon_core.environment:create_file_with_runtime_dependencies(/home/user/int_szam_mod/install/turtle_tf2_py/share/colcon-core/packages/turtle_tf2_py)
[0.832s] DEBUG:colcon.colcon_parallel_executor.executor.parallel:closing loop
[0.833s] DEBUG:colcon.colcon_parallel_executor.executor.parallel:loop closed
[0.833s] DEBUG:colcon.colcon_parallel_executor.executor.parallel:run_until_complete finished with '0'
[0.833s] DEBUG:colcon.colcon_core.event_reactor:joining thread
[0.851s] INFO:colcon.colcon_core.plugin_system:Skipping extension 'colcon_notification.desktop_notification.notify_send': Could not find 'notify-send'
[0.851s] INFO:colcon.colcon_core.plugin_system:Skipping extension 'colcon_notification.desktop_notification.terminal_notifier': Not used on non-Darwin systems
[0.851s] INFO:colcon.colcon_core.plugin_system:Skipping extension 'colcon_notification.desktop_notification.win32': Not used on non-Windows systems
[0.852s] INFO:colcon.colcon_notification.desktop_notification:Sending desktop notification using 'notify2'
[0.893s] DEBUG:colcon.colcon_core.event_reactor:joined thread
[0.894s] INFO:colcon.colcon_core.shell:Creating prefix script '/home/user/int_szam_mod/install/local_setup.ps1'
[0.896s] INFO:colcon.colcon_core.shell:Creating prefix util module '/home/user/int_szam_mod/install/_local_setup_util_ps1.py'
[0.898s] INFO:colcon.colcon_core.shell:Creating prefix chain script '/home/user/int_szam_mod/install/setup.ps1'
[0.900s] INFO:colcon.colcon_core.shell:Creating prefix script '/home/user/int_szam_mod/install/local_setup.sh'
[0.901s] INFO:colcon.colcon_core.shell:Creating prefix util module '/home/user/int_szam_mod/install/_local_setup_util_sh.py'
[0.902s] INFO:colcon.colcon_core.shell:Creating prefix chain script '/home/user/int_szam_mod/install/setup.sh'
[0.903s] INFO:colcon.colcon_core.shell:Creating prefix script '/home/user/int_szam_mod/install/local_setup.bash'
[0.904s] INFO:colcon.colcon_core.shell:Creating prefix chain script '/home/user/int_szam_mod/install/setup.bash'
[0.912s] INFO:colcon.colcon_core.shell:Creating prefix script '/home/user/int_szam_mod/install/local_setup.zsh'
[0.912s] INFO:colcon.colcon_core.shell:Creating prefix chain script '/home/user/int_szam_mod/install/setup.zsh'
