[0.260s] Invoking command in '/home/user/int_szam_mod/geometry_tutorials/turtle_tf2_py': PYTHONPATH=/home/user/int_szam_mod/install/turtle_tf2_py/lib/python3.8/site-packages:${PYTHONPATH} /usr/bin/python3 setup.py egg_info --egg-base ../../build/turtle_tf2_py build --build-base /home/user/int_szam_mod/build/turtle_tf2_py/build install --prefix /home/user/int_szam_mod/install/turtle_tf2_py --record /home/user/int_szam_mod/build/turtle_tf2_py/install.log --single-version-externally-managed
[0.427s] running egg_info
[0.433s] writing ../../build/turtle_tf2_py/turtle_tf2_py.egg-info/PKG-INFO
[0.434s] writing dependency_links to ../../build/turtle_tf2_py/turtle_tf2_py.egg-info/dependency_links.txt
[0.434s] writing entry points to ../../build/turtle_tf2_py/turtle_tf2_py.egg-info/entry_points.txt
[0.435s] writing requirements to ../../build/turtle_tf2_py/turtle_tf2_py.egg-info/requires.txt
[0.435s] writing top-level names to ../../build/turtle_tf2_py/turtle_tf2_py.egg-info/top_level.txt
[0.460s] reading manifest file '../../build/turtle_tf2_py/turtle_tf2_py.egg-info/SOURCES.txt'
[0.462s] writing manifest file '../../build/turtle_tf2_py/turtle_tf2_py.egg-info/SOURCES.txt'
[0.463s] running build
[0.463s] running build_py
[0.463s] copying turtle_tf2_py/turtle_tf2_listener.py -> /home/user/int_szam_mod/build/turtle_tf2_py/build/lib/turtle_tf2_py
[0.463s] running install
[0.464s] running install_lib
[0.465s] copying /home/user/int_szam_mod/build/turtle_tf2_py/build/lib/turtle_tf2_py/turtle_tf2_listener.py -> /home/user/int_szam_mod/install/turtle_tf2_py/lib/python3.8/site-packages/turtle_tf2_py
[0.466s] byte-compiling /home/user/int_szam_mod/install/turtle_tf2_py/lib/python3.8/site-packages/turtle_tf2_py/turtle_tf2_listener.py to turtle_tf2_listener.cpython-38.pyc
[0.468s] running install_data
[0.469s] running install_egg_info
[0.472s] removing '/home/user/int_szam_mod/install/turtle_tf2_py/lib/python3.8/site-packages/turtle_tf2_py-0.3.0-py3.8.egg-info' (and everything under it)
[0.472s] Copying ../../build/turtle_tf2_py/turtle_tf2_py.egg-info to /home/user/int_szam_mod/install/turtle_tf2_py/lib/python3.8/site-packages/turtle_tf2_py-0.3.0-py3.8.egg-info
[0.472s] running install_scripts
[0.497s] Installing dynamic_frame_tf2_broadcaster script to /home/user/int_szam_mod/install/turtle_tf2_py/lib/turtle_tf2_py
[0.497s] Installing fixed_frame_tf2_broadcaster script to /home/user/int_szam_mod/install/turtle_tf2_py/lib/turtle_tf2_py
[0.497s] Installing static_turtle_tf2_broadcaster script to /home/user/int_szam_mod/install/turtle_tf2_py/lib/turtle_tf2_py
[0.500s] Installing turtle_tf2_broadcaster script to /home/user/int_szam_mod/install/turtle_tf2_py/lib/turtle_tf2_py
[0.500s] Installing turtle_tf2_listener script to /home/user/int_szam_mod/install/turtle_tf2_py/lib/turtle_tf2_py
[0.500s] Installing turtle_tf2_message_broadcaster script to /home/user/int_szam_mod/install/turtle_tf2_py/lib/turtle_tf2_py
[0.502s] writing list of installed files to '/home/user/int_szam_mod/build/turtle_tf2_py/install.log'
[0.530s] Invoked command in '/home/user/int_szam_mod/geometry_tutorials/turtle_tf2_py' returned '0': PYTHONPATH=/home/user/int_szam_mod/install/turtle_tf2_py/lib/python3.8/site-packages:${PYTHONPATH} /usr/bin/python3 setup.py egg_info --egg-base ../../build/turtle_tf2_py build --build-base /home/user/int_szam_mod/build/turtle_tf2_py/build install --prefix /home/user/int_szam_mod/install/turtle_tf2_py --record /home/user/int_szam_mod/build/turtle_tf2_py/install.log --single-version-externally-managed
