-- The C compiler identification is GNU 9.3.0
-- The CXX compiler identification is GNU 9.3.0
-- Check for working C compiler: /usr/bin/cc
-- Check for working C compiler: /usr/bin/cc -- works
-- Detecting C compiler ABI info
-- Detecting C compiler ABI info - done
-- Detecting C compile features
-- Detecting C compile features - done
-- Check for working CXX compiler: /usr/bin/c++
-- Check for working CXX compiler: /usr/bin/c++ -- works
-- Detecting CXX compiler ABI info
-- Detecting CXX compiler ABI info - done
-- Detecting CXX compile features
-- Detecting CXX compile features - done
-- Found ament_cmake: 0.9.9 (/opt/ros/foxy/share/ament_cmake/cmake)
-- Found PythonInterp: /usr/bin/python3 (found suitable version "3.8.10", minimum required is "3") 
-- Using PYTHON_EXECUTABLE: /usr/bin/python3
-- Found geometry_msgs: 2.0.4 (/opt/ros/foxy/share/geometry_msgs/cmake)
-- Using all available rosidl_typesupport_c: rosidl_typesupport_fastrtps_c;rosidl_typesupport_introspection_c
-- Found rosidl_adapter: 1.2.1 (/opt/ros/foxy/share/rosidl_adapter/cmake)
-- Found OpenSSL: /usr/lib/x86_64-linux-gnu/libcrypto.so (found version "1.1.1f")  
-- Found FastRTPS: /opt/ros/foxy/include  
-- Using all available rosidl_typesupport_cpp: rosidl_typesupport_fastrtps_cpp;rosidl_typesupport_introspection_cpp
-- Found message_filters: 3.2.5 (/opt/ros/foxy/share/message_filters/cmake)
-- Found rclcpp: 2.4.0 (/opt/ros/foxy/share/rclcpp/cmake)
-- Found rmw_implementation_cmake: 1.0.3 (/opt/ros/foxy/share/rmw_implementation_cmake/cmake)
-- Using RMW implementation 'rmw_fastrtps_cpp' as default
-- Looking for pthread.h
-- Looking for pthread.h - found
-- Performing Test CMAKE_HAVE_LIBC_PTHREAD
-- Performing Test CMAKE_HAVE_LIBC_PTHREAD - Failed
-- Looking for pthread_create in pthreads
-- Looking for pthread_create in pthreads - not found
-- Looking for pthread_create in pthread
-- Looking for pthread_create in pthread - found
-- Found Threads: TRUE  
-- Found tf2: 0.13.12 (/opt/ros/foxy/share/tf2/cmake)
-- Found tf2_geometry_msgs: 0.13.12 (/opt/ros/foxy/share/tf2_geometry_msgs/cmake)
-- Found eigen3_cmake_module: 0.1.1 (/opt/ros/foxy/share/eigen3_cmake_module/cmake)
-- Found Eigen3: TRUE (found version "3.3.7") 
-- Found turtlesim: 1.2.5 (/opt/ros/foxy/share/turtlesim/cmake)
-- Found ament_lint_auto: 0.9.6 (/opt/ros/foxy/share/ament_lint_auto/cmake)
-- Added test 'copyright' to check source files copyright and LICENSE
-- Added test 'cppcheck' to perform static code analysis on C / C++ code
-- Configured cppcheck include dirs: 
-- Configured cppcheck exclude dirs and/or files: 
-- Added test 'cpplint' to check C / C++ code against the Google style
-- Configured cpplint exclude dirs and/or files: 
-- Added test 'flake8' to check Python code syntax and style conventions
-- Added test 'lint_cmake' to check CMake code style
-- Added test 'pep257' to check Python code against some of the style conventions in PEP 257
-- Added test 'uncrustify' to check C / C++ code style
-- Configured uncrustify additional arguments: 
-- Added test 'xmllint' to check XML markup files
-- Configuring done
-- Generating done
-- Build files have been written to: /home/user/int_szam_mod/build/turtle_tf2_cpp
[35m[1mScanning dependencies of target turtle_tf2_message_filter[0m
[35m[1mScanning dependencies of target turtle_tf2_broadcaster[0m
[35m[1mScanning dependencies of target fixed_frame_tf2_broadcaster[0m
[35m[1mScanning dependencies of target static_turtle_tf2_broadcaster[0m
[35m[1mScanning dependencies of target turtle_tf2_listener[0m
[35m[1mScanning dependencies of target dynamic_frame_tf2_broadcaster[0m
[  8%] [32mBuilding CXX object CMakeFiles/turtle_tf2_message_filter.dir/src/turtle_tf2_message_filter.cpp.o[0m
[ 33%] [32mBuilding CXX object CMakeFiles/static_turtle_tf2_broadcaster.dir/src/static_turtle_tf2_broadcaster.cpp.o[0m
[ 33%] [32mBuilding CXX object CMakeFiles/dynamic_frame_tf2_broadcaster.dir/src/dynamic_frame_tf2_broadcaster.cpp.o[0m
[ 33%] [32mBuilding CXX object CMakeFiles/turtle_tf2_broadcaster.dir/src/turtle_tf2_broadcaster.cpp.o[0m
[ 41%] [32mBuilding CXX object CMakeFiles/fixed_frame_tf2_broadcaster.dir/src/fixed_frame_tf2_broadcaster.cpp.o[0m
[ 50%] [32mBuilding CXX object CMakeFiles/turtle_tf2_listener.dir/src/turtle_tf2_listener.cpp.o[0m
[ 58%] [32m[1mLinking CXX executable dynamic_frame_tf2_broadcaster[0m
[ 66%] [32m[1mLinking CXX executable fixed_frame_tf2_broadcaster[0m
[ 75%] [32m[1mLinking CXX executable static_turtle_tf2_broadcaster[0m
[ 75%] Built target static_turtle_tf2_broadcaster
[ 75%] Built target fixed_frame_tf2_broadcaster
[ 75%] Built target dynamic_frame_tf2_broadcaster
[ 83%] [32m[1mLinking CXX executable turtle_tf2_listener[0m
[ 83%] Built target turtle_tf2_listener
[ 91%] [32m[1mLinking CXX executable turtle_tf2_broadcaster[0m
[ 91%] Built target turtle_tf2_broadcaster
[100%] [32m[1mLinking CXX executable turtle_tf2_message_filter[0m
[100%] Built target turtle_tf2_message_filter
-- Install configuration: ""
-- Installing: /home/user/int_szam_mod/install/turtle_tf2_cpp/lib/turtle_tf2_cpp/static_turtle_tf2_broadcaster
-- Set runtime path of "/home/user/int_szam_mod/install/turtle_tf2_cpp/lib/turtle_tf2_cpp/static_turtle_tf2_broadcaster" to ""
-- Installing: /home/user/int_szam_mod/install/turtle_tf2_cpp/lib/turtle_tf2_cpp/turtle_tf2_broadcaster
-- Set runtime path of "/home/user/int_szam_mod/install/turtle_tf2_cpp/lib/turtle_tf2_cpp/turtle_tf2_broadcaster" to ""
-- Installing: /home/user/int_szam_mod/install/turtle_tf2_cpp/lib/turtle_tf2_cpp/turtle_tf2_listener
-- Set runtime path of "/home/user/int_szam_mod/install/turtle_tf2_cpp/lib/turtle_tf2_cpp/turtle_tf2_listener" to ""
-- Installing: /home/user/int_szam_mod/install/turtle_tf2_cpp/lib/turtle_tf2_cpp/fixed_frame_tf2_broadcaster
-- Set runtime path of "/home/user/int_szam_mod/install/turtle_tf2_cpp/lib/turtle_tf2_cpp/fixed_frame_tf2_broadcaster" to ""
-- Installing: /home/user/int_szam_mod/install/turtle_tf2_cpp/lib/turtle_tf2_cpp/dynamic_frame_tf2_broadcaster
-- Set runtime path of "/home/user/int_szam_mod/install/turtle_tf2_cpp/lib/turtle_tf2_cpp/dynamic_frame_tf2_broadcaster" to ""
-- Installing: /home/user/int_szam_mod/install/turtle_tf2_cpp/lib/turtle_tf2_cpp/turtle_tf2_message_filter
-- Set runtime path of "/home/user/int_szam_mod/install/turtle_tf2_cpp/lib/turtle_tf2_cpp/turtle_tf2_message_filter" to ""
-- Installing: /home/user/int_szam_mod/install/turtle_tf2_cpp/share/turtle_tf2_cpp/launch
-- Installing: /home/user/int_szam_mod/install/turtle_tf2_cpp/share/turtle_tf2_cpp/launch/turtle_tf2_fixed_frame_demo.launch.py
-- Installing: /home/user/int_szam_mod/install/turtle_tf2_cpp/share/turtle_tf2_cpp/launch/turtle_tf2_dynamic_frame_demo.launch.py
-- Installing: /home/user/int_szam_mod/install/turtle_tf2_cpp/share/turtle_tf2_cpp/launch/turtle_tf2_demo.launch.py
-- Installing: /home/user/int_szam_mod/install/turtle_tf2_cpp/share/ament_index/resource_index/package_run_dependencies/turtle_tf2_cpp
-- Installing: /home/user/int_szam_mod/install/turtle_tf2_cpp/share/ament_index/resource_index/parent_prefix_path/turtle_tf2_cpp
-- Installing: /home/user/int_szam_mod/install/turtle_tf2_cpp/share/turtle_tf2_cpp/environment/ament_prefix_path.sh
-- Installing: /home/user/int_szam_mod/install/turtle_tf2_cpp/share/turtle_tf2_cpp/environment/ament_prefix_path.dsv
-- Installing: /home/user/int_szam_mod/install/turtle_tf2_cpp/share/turtle_tf2_cpp/environment/path.sh
-- Installing: /home/user/int_szam_mod/install/turtle_tf2_cpp/share/turtle_tf2_cpp/environment/path.dsv
-- Installing: /home/user/int_szam_mod/install/turtle_tf2_cpp/share/turtle_tf2_cpp/local_setup.bash
-- Installing: /home/user/int_szam_mod/install/turtle_tf2_cpp/share/turtle_tf2_cpp/local_setup.sh
-- Installing: /home/user/int_szam_mod/install/turtle_tf2_cpp/share/turtle_tf2_cpp/local_setup.zsh
-- Installing: /home/user/int_szam_mod/install/turtle_tf2_cpp/share/turtle_tf2_cpp/local_setup.dsv
-- Installing: /home/user/int_szam_mod/install/turtle_tf2_cpp/share/turtle_tf2_cpp/package.dsv
-- Installing: /home/user/int_szam_mod/install/turtle_tf2_cpp/share/ament_index/resource_index/packages/turtle_tf2_cpp
-- Installing: /home/user/int_szam_mod/install/turtle_tf2_cpp/share/turtle_tf2_cpp/cmake/turtle_tf2_cppConfig.cmake
-- Installing: /home/user/int_szam_mod/install/turtle_tf2_cpp/share/turtle_tf2_cpp/cmake/turtle_tf2_cppConfig-version.cmake
-- Installing: /home/user/int_szam_mod/install/turtle_tf2_cpp/share/turtle_tf2_cpp/package.xml
