[0.029s] Invoking command in '/home/user/int_szam_mod/build/turtle_tf2_cpp': CMAKE_PREFIX_PATH=/opt/ros/foxy /usr/bin/cmake /home/user/int_szam_mod/geometry_tutorials/turtle_tf2_cpp -DCMAKE_INSTALL_PREFIX=/home/user/int_szam_mod/install/turtle_tf2_cpp
[1.221s] -- The C compiler identification is GNU 9.3.0
[1.222s] -- The CXX compiler identification is GNU 9.3.0
[1.222s] -- Check for working C compiler: /usr/bin/cc
[1.222s] -- Check for working C compiler: /usr/bin/cc -- works
[1.222s] -- Detecting C compiler ABI info
[1.222s] -- Detecting C compiler ABI info - done
[1.223s] -- Detecting C compile features
[1.223s] -- Detecting C compile features - done
[1.223s] -- Check for working CXX compiler: /usr/bin/c++
[1.223s] -- Check for working CXX compiler: /usr/bin/c++ -- works
[1.225s] -- Detecting CXX compiler ABI info
[1.225s] -- Detecting CXX compiler ABI info - done
[1.225s] -- Detecting CXX compile features
[1.226s] -- Detecting CXX compile features - done
[1.226s] -- Found ament_cmake: 0.9.9 (/opt/ros/foxy/share/ament_cmake/cmake)
[1.226s] -- Found PythonInterp: /usr/bin/python3 (found suitable version "3.8.10", minimum required is "3") 
[1.226s] -- Using PYTHON_EXECUTABLE: /usr/bin/python3
[1.226s] -- Found geometry_msgs: 2.0.4 (/opt/ros/foxy/share/geometry_msgs/cmake)
[1.226s] -- Using all available rosidl_typesupport_c: rosidl_typesupport_fastrtps_c;rosidl_typesupport_introspection_c
[1.227s] -- Found rosidl_adapter: 1.2.1 (/opt/ros/foxy/share/rosidl_adapter/cmake)
[1.227s] -- Found OpenSSL: /usr/lib/x86_64-linux-gnu/libcrypto.so (found version "1.1.1f")  
[1.227s] -- Found FastRTPS: /opt/ros/foxy/include  
[1.228s] -- Using all available rosidl_typesupport_cpp: rosidl_typesupport_fastrtps_cpp;rosidl_typesupport_introspection_cpp
[1.322s] -- Found message_filters: 3.2.5 (/opt/ros/foxy/share/message_filters/cmake)
[1.338s] -- Found rclcpp: 2.4.0 (/opt/ros/foxy/share/rclcpp/cmake)
[1.455s] -- Found rmw_implementation_cmake: 1.0.3 (/opt/ros/foxy/share/rmw_implementation_cmake/cmake)
[1.460s] -- Using RMW implementation 'rmw_fastrtps_cpp' as default
[1.463s] -- Looking for pthread.h
[1.551s] -- Looking for pthread.h - found
[1.552s] -- Performing Test CMAKE_HAVE_LIBC_PTHREAD
[1.622s] -- Performing Test CMAKE_HAVE_LIBC_PTHREAD - Failed
[1.623s] -- Looking for pthread_create in pthreads
[1.677s] -- Looking for pthread_create in pthreads - not found
[1.678s] -- Looking for pthread_create in pthread
[1.736s] -- Looking for pthread_create in pthread - found
[1.736s] -- Found Threads: TRUE  
[1.904s] -- Found tf2: 0.13.12 (/opt/ros/foxy/share/tf2/cmake)
[1.921s] -- Found tf2_geometry_msgs: 0.13.12 (/opt/ros/foxy/share/tf2_geometry_msgs/cmake)
[1.933s] -- Found eigen3_cmake_module: 0.1.1 (/opt/ros/foxy/share/eigen3_cmake_module/cmake)
[1.939s] -- Found Eigen3: TRUE (found version "3.3.7") 
[2.323s] -- Found turtlesim: 1.2.5 (/opt/ros/foxy/share/turtlesim/cmake)
[2.385s] -- Found ament_lint_auto: 0.9.6 (/opt/ros/foxy/share/ament_lint_auto/cmake)
[2.466s] -- Added test 'copyright' to check source files copyright and LICENSE
[2.467s] -- Added test 'cppcheck' to perform static code analysis on C / C++ code
[2.468s] -- Configured cppcheck include dirs: 
[2.468s] -- Configured cppcheck exclude dirs and/or files: 
[2.469s] -- Added test 'cpplint' to check C / C++ code against the Google style
[2.469s] -- Configured cpplint exclude dirs and/or files: 
[2.470s] -- Added test 'flake8' to check Python code syntax and style conventions
[2.471s] -- Added test 'lint_cmake' to check CMake code style
[2.472s] -- Added test 'pep257' to check Python code against some of the style conventions in PEP 257
[2.473s] -- Added test 'uncrustify' to check C / C++ code style
[2.473s] -- Configured uncrustify additional arguments: 
[2.474s] -- Added test 'xmllint' to check XML markup files
[2.477s] -- Configuring done
[2.508s] -- Generating done
[2.510s] -- Build files have been written to: /home/user/int_szam_mod/build/turtle_tf2_cpp
[2.519s] Invoked command in '/home/user/int_szam_mod/build/turtle_tf2_cpp' returned '0': CMAKE_PREFIX_PATH=/opt/ros/foxy /usr/bin/cmake /home/user/int_szam_mod/geometry_tutorials/turtle_tf2_cpp -DCMAKE_INSTALL_PREFIX=/home/user/int_szam_mod/install/turtle_tf2_cpp
[2.522s] Invoking command in '/home/user/int_szam_mod/build/turtle_tf2_cpp': CMAKE_PREFIX_PATH=/opt/ros/foxy /usr/bin/cmake --build /home/user/int_szam_mod/build/turtle_tf2_cpp -- -j6 -l6
[2.557s] [35m[1mScanning dependencies of target turtle_tf2_message_filter[0m
[2.557s] [35m[1mScanning dependencies of target turtle_tf2_broadcaster[0m
[2.557s] [35m[1mScanning dependencies of target fixed_frame_tf2_broadcaster[0m
[2.557s] [35m[1mScanning dependencies of target static_turtle_tf2_broadcaster[0m
[2.558s] [35m[1mScanning dependencies of target turtle_tf2_listener[0m
[2.558s] [35m[1mScanning dependencies of target dynamic_frame_tf2_broadcaster[0m
[2.889s] [  8%] [32mBuilding CXX object CMakeFiles/turtle_tf2_message_filter.dir/src/turtle_tf2_message_filter.cpp.o[0m
[2.889s] [ 33%] [32mBuilding CXX object CMakeFiles/static_turtle_tf2_broadcaster.dir/src/static_turtle_tf2_broadcaster.cpp.o[0m
[2.889s] [ 33%] [32mBuilding CXX object CMakeFiles/dynamic_frame_tf2_broadcaster.dir/src/dynamic_frame_tf2_broadcaster.cpp.o[0m
[2.889s] [ 33%] [32mBuilding CXX object CMakeFiles/turtle_tf2_broadcaster.dir/src/turtle_tf2_broadcaster.cpp.o[0m
[2.889s] [ 41%] [32mBuilding CXX object CMakeFiles/fixed_frame_tf2_broadcaster.dir/src/fixed_frame_tf2_broadcaster.cpp.o[0m
[2.895s] [ 50%] [32mBuilding CXX object CMakeFiles/turtle_tf2_listener.dir/src/turtle_tf2_listener.cpp.o[0m
[7.154s] [ 58%] [32m[1mLinking CXX executable dynamic_frame_tf2_broadcaster[0m
[7.235s] [ 66%] [32m[1mLinking CXX executable fixed_frame_tf2_broadcaster[0m
[7.271s] [ 75%] [32m[1mLinking CXX executable static_turtle_tf2_broadcaster[0m
[7.552s] [ 75%] Built target static_turtle_tf2_broadcaster
[7.554s] [ 75%] Built target fixed_frame_tf2_broadcaster
[7.562s] [ 75%] Built target dynamic_frame_tf2_broadcaster
[7.965s] [ 83%] [32m[1mLinking CXX executable turtle_tf2_listener[0m
[8.130s] [ 83%] Built target turtle_tf2_listener
[9.268s] [ 91%] [32m[1mLinking CXX executable turtle_tf2_broadcaster[0m
[9.510s] [ 91%] Built target turtle_tf2_broadcaster
[10.127s] [100%] [32m[1mLinking CXX executable turtle_tf2_message_filter[0m
[10.363s] [100%] Built target turtle_tf2_message_filter
[10.377s] Invoked command in '/home/user/int_szam_mod/build/turtle_tf2_cpp' returned '0': CMAKE_PREFIX_PATH=/opt/ros/foxy /usr/bin/cmake --build /home/user/int_szam_mod/build/turtle_tf2_cpp -- -j6 -l6
[10.425s] Invoking command in '/home/user/int_szam_mod/build/turtle_tf2_cpp': CMAKE_PREFIX_PATH=/opt/ros/foxy /usr/bin/cmake --install /home/user/int_szam_mod/build/turtle_tf2_cpp
[10.433s] -- Install configuration: ""
[10.433s] -- Installing: /home/user/int_szam_mod/install/turtle_tf2_cpp/lib/turtle_tf2_cpp/static_turtle_tf2_broadcaster
[10.434s] -- Set runtime path of "/home/user/int_szam_mod/install/turtle_tf2_cpp/lib/turtle_tf2_cpp/static_turtle_tf2_broadcaster" to ""
[10.434s] -- Installing: /home/user/int_szam_mod/install/turtle_tf2_cpp/lib/turtle_tf2_cpp/turtle_tf2_broadcaster
[10.435s] -- Set runtime path of "/home/user/int_szam_mod/install/turtle_tf2_cpp/lib/turtle_tf2_cpp/turtle_tf2_broadcaster" to ""
[10.435s] -- Installing: /home/user/int_szam_mod/install/turtle_tf2_cpp/lib/turtle_tf2_cpp/turtle_tf2_listener
[10.437s] -- Set runtime path of "/home/user/int_szam_mod/install/turtle_tf2_cpp/lib/turtle_tf2_cpp/turtle_tf2_listener" to ""
[10.437s] -- Installing: /home/user/int_szam_mod/install/turtle_tf2_cpp/lib/turtle_tf2_cpp/fixed_frame_tf2_broadcaster
[10.438s] -- Set runtime path of "/home/user/int_szam_mod/install/turtle_tf2_cpp/lib/turtle_tf2_cpp/fixed_frame_tf2_broadcaster" to ""
[10.438s] -- Installing: /home/user/int_szam_mod/install/turtle_tf2_cpp/lib/turtle_tf2_cpp/dynamic_frame_tf2_broadcaster
[10.439s] -- Set runtime path of "/home/user/int_szam_mod/install/turtle_tf2_cpp/lib/turtle_tf2_cpp/dynamic_frame_tf2_broadcaster" to ""
[10.439s] -- Installing: /home/user/int_szam_mod/install/turtle_tf2_cpp/lib/turtle_tf2_cpp/turtle_tf2_message_filter
[10.441s] -- Set runtime path of "/home/user/int_szam_mod/install/turtle_tf2_cpp/lib/turtle_tf2_cpp/turtle_tf2_message_filter" to ""
[10.442s] -- Installing: /home/user/int_szam_mod/install/turtle_tf2_cpp/share/turtle_tf2_cpp/launch
[10.443s] -- Installing: /home/user/int_szam_mod/install/turtle_tf2_cpp/share/turtle_tf2_cpp/launch/turtle_tf2_fixed_frame_demo.launch.py
[10.443s] -- Installing: /home/user/int_szam_mod/install/turtle_tf2_cpp/share/turtle_tf2_cpp/launch/turtle_tf2_dynamic_frame_demo.launch.py
[10.444s] -- Installing: /home/user/int_szam_mod/install/turtle_tf2_cpp/share/turtle_tf2_cpp/launch/turtle_tf2_demo.launch.py
[10.444s] -- Installing: /home/user/int_szam_mod/install/turtle_tf2_cpp/share/ament_index/resource_index/package_run_dependencies/turtle_tf2_cpp
[10.444s] -- Installing: /home/user/int_szam_mod/install/turtle_tf2_cpp/share/ament_index/resource_index/parent_prefix_path/turtle_tf2_cpp
[10.445s] -- Installing: /home/user/int_szam_mod/install/turtle_tf2_cpp/share/turtle_tf2_cpp/environment/ament_prefix_path.sh
[10.445s] -- Installing: /home/user/int_szam_mod/install/turtle_tf2_cpp/share/turtle_tf2_cpp/environment/ament_prefix_path.dsv
[10.446s] -- Installing: /home/user/int_szam_mod/install/turtle_tf2_cpp/share/turtle_tf2_cpp/environment/path.sh
[10.446s] -- Installing: /home/user/int_szam_mod/install/turtle_tf2_cpp/share/turtle_tf2_cpp/environment/path.dsv
[10.446s] -- Installing: /home/user/int_szam_mod/install/turtle_tf2_cpp/share/turtle_tf2_cpp/local_setup.bash
[10.446s] -- Installing: /home/user/int_szam_mod/install/turtle_tf2_cpp/share/turtle_tf2_cpp/local_setup.sh
[10.447s] -- Installing: /home/user/int_szam_mod/install/turtle_tf2_cpp/share/turtle_tf2_cpp/local_setup.zsh
[10.447s] -- Installing: /home/user/int_szam_mod/install/turtle_tf2_cpp/share/turtle_tf2_cpp/local_setup.dsv
[10.447s] -- Installing: /home/user/int_szam_mod/install/turtle_tf2_cpp/share/turtle_tf2_cpp/package.dsv
[10.447s] -- Installing: /home/user/int_szam_mod/install/turtle_tf2_cpp/share/ament_index/resource_index/packages/turtle_tf2_cpp
[10.447s] -- Installing: /home/user/int_szam_mod/install/turtle_tf2_cpp/share/turtle_tf2_cpp/cmake/turtle_tf2_cppConfig.cmake
[10.447s] -- Installing: /home/user/int_szam_mod/install/turtle_tf2_cpp/share/turtle_tf2_cpp/cmake/turtle_tf2_cppConfig-version.cmake
[10.447s] -- Installing: /home/user/int_szam_mod/install/turtle_tf2_cpp/share/turtle_tf2_cpp/package.xml
[10.451s] Invoked command in '/home/user/int_szam_mod/build/turtle_tf2_cpp' returned '0': CMAKE_PREFIX_PATH=/opt/ros/foxy /usr/bin/cmake --install /home/user/int_szam_mod/build/turtle_tf2_cpp
