[0.247s] Invoking command in '/home/user/int_szam_mod/beadando/int_szam_mod_feladat': PYTHONPATH=/home/user/int_szam_mod/install/int_szam_mod_feladat/lib/python3.8/site-packages:${PYTHONPATH} /usr/bin/python3 setup.py egg_info --egg-base ../../build/int_szam_mod_feladat build --build-base /home/user/int_szam_mod/build/int_szam_mod_feladat/build install --prefix /home/user/int_szam_mod/install/int_szam_mod_feladat --record /home/user/int_szam_mod/build/int_szam_mod_feladat/install.log --single-version-externally-managed
[0.396s] running egg_info
[0.397s] writing ../../build/int_szam_mod_feladat/int_szam_mod_feladat.egg-info/PKG-INFO
[0.397s] writing dependency_links to ../../build/int_szam_mod_feladat/int_szam_mod_feladat.egg-info/dependency_links.txt
[0.397s] writing entry points to ../../build/int_szam_mod_feladat/int_szam_mod_feladat.egg-info/entry_points.txt
[0.399s] writing requirements to ../../build/int_szam_mod_feladat/int_szam_mod_feladat.egg-info/requires.txt
[0.399s] writing top-level names to ../../build/int_szam_mod_feladat/int_szam_mod_feladat.egg-info/top_level.txt
[0.434s] reading manifest file '../../build/int_szam_mod_feladat/int_szam_mod_feladat.egg-info/SOURCES.txt'
[0.439s] writing manifest file '../../build/int_szam_mod_feladat/int_szam_mod_feladat.egg-info/SOURCES.txt'
[0.441s] running build
[0.441s] running build_py
[0.441s] copying int_szam_mod_feladat/int_szam_mod_feladat_listener.py -> /home/user/int_szam_mod/build/int_szam_mod_feladat/build/lib/int_szam_mod_feladat
[0.441s] running install
[0.443s] running install_lib
[0.443s] copying /home/user/int_szam_mod/build/int_szam_mod_feladat/build/lib/int_szam_mod_feladat/int_szam_mod_feladat_listener.py -> /home/user/int_szam_mod/install/int_szam_mod_feladat/lib/python3.8/site-packages/int_szam_mod_feladat
[0.444s] byte-compiling /home/user/int_szam_mod/install/int_szam_mod_feladat/lib/python3.8/site-packages/int_szam_mod_feladat/int_szam_mod_feladat_listener.py to int_szam_mod_feladat_listener.cpython-38.pyc
[0.447s] running install_data
[0.447s] running install_egg_info
[0.449s] removing '/home/user/int_szam_mod/install/int_szam_mod_feladat/lib/python3.8/site-packages/int_szam_mod_feladat-0.3.0-py3.8.egg-info' (and everything under it)
[0.450s] Copying ../../build/int_szam_mod_feladat/int_szam_mod_feladat.egg-info to /home/user/int_szam_mod/install/int_szam_mod_feladat/lib/python3.8/site-packages/int_szam_mod_feladat-0.3.0-py3.8.egg-info
[0.451s] running install_scripts
[0.469s] Installing dynamic_frame_tf2_broadcaster script to /home/user/int_szam_mod/install/int_szam_mod_feladat/lib/int_szam_mod_feladat
[0.474s] Installing fixed_frame_tf2_broadcaster script to /home/user/int_szam_mod/install/int_szam_mod_feladat/lib/int_szam_mod_feladat
[0.474s] Installing int_szam_mod_feladat_broadcaster script to /home/user/int_szam_mod/install/int_szam_mod_feladat/lib/int_szam_mod_feladat
[0.474s] Installing int_szam_mod_feladat_listener script to /home/user/int_szam_mod/install/int_szam_mod_feladat/lib/int_szam_mod_feladat
[0.475s] Installing int_szam_mod_feladat_message_broadcaster script to /home/user/int_szam_mod/install/int_szam_mod_feladat/lib/int_szam_mod_feladat
[0.475s] Installing static_int_szam_mod_feladat_broadcaster script to /home/user/int_szam_mod/install/int_szam_mod_feladat/lib/int_szam_mod_feladat
[0.475s] writing list of installed files to '/home/user/int_szam_mod/build/int_szam_mod_feladat/install.log'
[0.497s] Invoked command in '/home/user/int_szam_mod/beadando/int_szam_mod_feladat' returned '0': PYTHONPATH=/home/user/int_szam_mod/install/int_szam_mod_feladat/lib/python3.8/site-packages:${PYTHONPATH} /usr/bin/python3 setup.py egg_info --egg-base ../../build/int_szam_mod_feladat build --build-base /home/user/int_szam_mod/build/int_szam_mod_feladat/build install --prefix /home/user/int_szam_mod/install/int_szam_mod_feladat --record /home/user/int_szam_mod/build/int_szam_mod_feladat/install.log --single-version-externally-managed
