[0.034s] Invoking command in '/home/user/int_szam_mod/build/beadando': CMAKE_PREFIX_PATH=/opt/ros/foxy /usr/bin/cmake /home/user/int_szam_mod/beadando/beadando -DCMAKE_INSTALL_PREFIX=/home/user/int_szam_mod/install/beadando
[0.047s] -- Found ament_cmake: 0.9.9 (/opt/ros/foxy/share/ament_cmake/cmake)
[0.065s] -- Found PythonInterp: /usr/bin/python3 (found suitable version "3.8.10", minimum required is "3") 
[0.065s] -- Using PYTHON_EXECUTABLE: /usr/bin/python3
[0.253s] -- Configuring done
[0.255s] -- Generating done
[0.256s] -- Build files have been written to: /home/user/int_szam_mod/build/beadando
[0.260s] Invoked command in '/home/user/int_szam_mod/build/beadando' returned '0': CMAKE_PREFIX_PATH=/opt/ros/foxy /usr/bin/cmake /home/user/int_szam_mod/beadando/beadando -DCMAKE_INSTALL_PREFIX=/home/user/int_szam_mod/install/beadando
[0.264s] Invoking command in '/home/user/int_szam_mod/build/beadando': CMAKE_PREFIX_PATH=/opt/ros/foxy /usr/bin/cmake --build /home/user/int_szam_mod/build/beadando -- -j6 -l6
[0.301s] Invoked command in '/home/user/int_szam_mod/build/beadando' returned '0': CMAKE_PREFIX_PATH=/opt/ros/foxy /usr/bin/cmake --build /home/user/int_szam_mod/build/beadando -- -j6 -l6
[0.331s] Invoking command in '/home/user/int_szam_mod/build/beadando': CMAKE_PREFIX_PATH=/opt/ros/foxy /usr/bin/cmake --install /home/user/int_szam_mod/build/beadando
[0.339s] -- Install configuration: ""
[0.340s] -- Installing: /home/user/int_szam_mod/install/beadando/share/ament_index/resource_index/package_run_dependencies/beadando
[0.340s] -- Installing: /home/user/int_szam_mod/install/beadando/share/ament_index/resource_index/parent_prefix_path/beadando
[0.340s] -- Installing: /home/user/int_szam_mod/install/beadando/share/beadando/environment/ament_prefix_path.sh
[0.340s] -- Installing: /home/user/int_szam_mod/install/beadando/share/beadando/environment/ament_prefix_path.dsv
[0.341s] -- Installing: /home/user/int_szam_mod/install/beadando/share/beadando/environment/path.sh
[0.341s] -- Installing: /home/user/int_szam_mod/install/beadando/share/beadando/environment/path.dsv
[0.341s] -- Installing: /home/user/int_szam_mod/install/beadando/share/beadando/local_setup.bash
[0.341s] -- Installing: /home/user/int_szam_mod/install/beadando/share/beadando/local_setup.sh
[0.342s] -- Installing: /home/user/int_szam_mod/install/beadando/share/beadando/local_setup.zsh
[0.342s] -- Installing: /home/user/int_szam_mod/install/beadando/share/beadando/local_setup.dsv
[0.342s] -- Installing: /home/user/int_szam_mod/install/beadando/share/beadando/package.dsv
[0.342s] -- Installing: /home/user/int_szam_mod/install/beadando/share/ament_index/resource_index/packages/beadando
[0.346s] -- Installing: /home/user/int_szam_mod/install/beadando/share/beadando/cmake/beadandoConfig.cmake
[0.346s] -- Installing: /home/user/int_szam_mod/install/beadando/share/beadando/cmake/beadandoConfig-version.cmake
[0.351s] -- Installing: /home/user/int_szam_mod/install/beadando/share/beadando/package.xml
[0.351s] Invoked command in '/home/user/int_szam_mod/build/beadando' returned '0': CMAKE_PREFIX_PATH=/opt/ros/foxy /usr/bin/cmake --install /home/user/int_szam_mod/build/beadando
